50.0 APEX_CODE,FINEST;APEX_PROFILING,INFO;CALLOUT,INFO;DB,INFO;NBA,INFO;SYSTEM,DEBUG;VALIDATION,INFO;VISUALFORCE,INFO;WAVE,INFO;WORKFLOW,INFO
12:20:49.3 (3223973)|USER_INFO|[EXTERNAL]|005ak000005FZQn|clerval9@mindful-bear-gkz9cf.com|(GMT-07:00) Pacific Daylight Time (America/Los_Angeles)|GMT-07:00
12:20:49.3 (3270155)|EXECUTION_STARTED
12:20:49.3 (3299675)|CODE_UNIT_STARTED|[EXTERNAL]|01pak0000054rfZ|IntegrationTest.testWhenContactEventThenSetAcmeEmployees()
12:20:49.3 (5266633)|HEAP_ALLOCATE|[79]|Bytes:3
12:20:49.3 (5438076)|HEAP_ALLOCATE|[84]|Bytes:152
12:20:49.3 (5466157)|HEAP_ALLOCATE|[399]|Bytes:408
12:20:49.3 (5483387)|HEAP_ALLOCATE|[412]|Bytes:408
12:20:49.3 (5497877)|HEAP_ALLOCATE|[520]|Bytes:48
12:20:49.3 (5536218)|HEAP_ALLOCATE|[139]|Bytes:6
12:20:49.3 (5563908)|HEAP_ALLOCATE|[EXTERNAL]|Bytes:58
12:20:49.3 (5588359)|METHOD_ENTRY|[2]|01pak0000054rfZ|IntegrationTest.IntegrationTest()
12:20:49.3 (5597179)|STATEMENT_EXECUTE|[2]
12:20:49.3 (5603039)|STATEMENT_EXECUTE|[2]
12:20:49.3 (5632200)|HEAP_ALLOCATE|[52]|Bytes:5
12:20:49.3 (5660250)|HEAP_ALLOCATE|[58]|Bytes:5
12:20:49.3 (5668980)|HEAP_ALLOCATE|[66]|Bytes:7
12:20:49.3 (6151860)|SYSTEM_MODE_ENTER|false
12:20:49.3 (6182640)|HEAP_ALLOCATE|[EXTERNAL]|Bytes:5
12:20:49.3 (6194651)|SYSTEM_MODE_EXIT|false
12:20:49.3 (6211721)|METHOD_EXIT|[2]|IntegrationTest
12:20:49.3 (6293112)|SYSTEM_MODE_ENTER|false
12:20:49.3 (6300592)|HEAP_ALLOCATE|[5]|Bytes:5
12:20:49.3 (6305094)|STATEMENT_EXECUTE|[4]
12:20:49.3 (6307183)|STATEMENT_EXECUTE|[5]
12:20:49.3 (6413315)|HEAP_ALLOCATE|[5]|Bytes:4
12:20:49.3 (6562298)|HEAP_ALLOCATE|[5]|Bytes:8
12:20:49.3 (7646839)|VARIABLE_ASSIGNMENT|[5]|this.Name|"Acme Inc"|0x39e42b33
12:20:49.3 (7708270)|VARIABLE_SCOPE_BEGIN|[5]|positiveTestRecord|Account|true|false
12:20:49.3 (7737191)|VARIABLE_ASSIGNMENT|[5]|positiveTestRecord|{"Name":"Acme Inc"}|0x39e42b33
12:20:49.3 (7742351)|STATEMENT_EXECUTE|[6]
12:20:49.3 (7756271)|HEAP_ALLOCATE|[6]|Bytes:4
12:20:49.3 (7766261)|HEAP_ALLOCATE|[6]|Bytes:6
12:20:49.3 (7802282)|VARIABLE_ASSIGNMENT|[6]|this.Name|"Random"|0x14dfc2c1
12:20:49.3 (7822282)|VARIABLE_SCOPE_BEGIN|[6]|negativeTestRecord|Account|true|false
12:20:49.3 (7840523)|VARIABLE_ASSIGNMENT|[6]|negativeTestRecord|{"Name":"Random"}|0x14dfc2c1
12:20:49.3 (7847813)|STATEMENT_EXECUTE|[7]
12:20:49.3 (7933825)|HEAP_ALLOCATE|[7]|Bytes:4
12:20:49.3 (8138708)|HEAP_ALLOCATE|[EXTERNAL]|Bytes:12
12:20:49.3 (8236260)|DML_BEGIN|[7]|Op:Insert|Type:Account|Rows:2
12:20:49.3 (8318542)|HEAP_ALLOCATE|[EXTERNAL]|Bytes:12
12:20:49.3 (118184765)|DML_END|[7]
12:20:49.3 (118452980)|HEAP_ALLOCATE|[EXTERNAL]|Bytes:12
12:20:49.3 (118483869)|STATEMENT_EXECUTE|[9]
12:20:49.3 (118568951)|HEAP_ALLOCATE|[9]|Bytes:4
12:20:49.3 (118750306)|HEAP_ALLOCATE|[10]|Bytes:4
12:20:49.3 (118898688)|HEAP_ALLOCATE|[10]|Bytes:8
12:20:49.3 (120387038)|VARIABLE_ASSIGNMENT|[10]|this.LastName|"john doe"|0x7781111
12:20:49.3 (120484610)|VARIABLE_ASSIGNMENT|[10]|this.AccountId|"001ak00000MRwknAAD"|0x7781111
12:20:49.3 (120587292)|HEAP_ALLOCATE|[11]|Bytes:4
12:20:49.3 (120599492)|HEAP_ALLOCATE|[11]|Bytes:9
12:20:49.3 (120630062)|VARIABLE_ASSIGNMENT|[11]|this.LastName|"john doe2"|0x1bb7c832
12:20:49.3 (120674734)|VARIABLE_ASSIGNMENT|[11]|this.AccountId|"001ak00000MRwkoAAD"|0x1bb7c832
12:20:49.3 (120701743)|VARIABLE_SCOPE_BEGIN|[9]|contacts|List<Contact>|true|false
12:20:49.3 (120719553)|HEAP_ALLOCATE|[EXTERNAL]|Bytes:12
12:20:49.3 (120758935)|VARIABLE_ASSIGNMENT|[9]|contacts|[{"LastName":"john doe","AccountId":"001ak00000MRwknAAD"},{"LastName":"john doe2","AccountId":"001ak00000MRwkoAAD"}]|0x5c80a2cc
12:20:49.3 (120766285)|STATEMENT_EXECUTE|[14]
12:20:49.3 (120884987)|HEAP_ALLOCATE|[14]|Bytes:114
12:20:49.3 (120922677)|SYSTEM_METHOD_ENTRY|[1]|Test.Test()
12:20:49.3 (120930568)|STATEMENT_EXECUTE|[1]
12:20:49.3 (120974939)|SYSTEM_METHOD_EXIT|[1]|Test
12:20:49.3 (121009399)|METHOD_ENTRY|[14]||System.Test.startTest()
12:20:49.3 (123538899)|METHOD_EXIT|[14]||System.Test.startTest()
12:20:49.3 (123551558)|STATEMENT_EXECUTE|[16]
12:20:49.3 (123668752)|DML_BEGIN|[16]|Op:Insert|Type:Contact|Rows:2
12:20:49.3 (123742252)|HEAP_ALLOCATE|[EXTERNAL]|Bytes:12
12:20:49.3 (191856711)|CODE_UNIT_STARTED|[EXTERNAL]|01qak000000KNlF|ContactTrigger on Contact trigger event AfterInsert|__sfdc_trigger/ContactTrigger
12:20:49.3 (191946812)|HEAP_ALLOCATE|[EXTERNAL]|Bytes:12
12:20:49.3 (192229649)|HEAP_ALLOCATE|[EXTERNAL]|Bytes:4
12:20:49.3 (192249258)|VARIABLE_SCOPE_BEGIN|[1]|this|ContactTrigger|true|false
12:20:49.3 (192318819)|VARIABLE_ASSIGNMENT|[1]|this|{}|0x6cdd95e2
12:20:49.3 (192392362)|HEAP_ALLOCATE|[EXTERNAL]|Bytes:4
12:20:49.3 (192400322)|VARIABLE_SCOPE_BEGIN|[1]|this|ContactTrigger|true|false
12:20:49.3 (192413901)|VARIABLE_ASSIGNMENT|[1]|this|{}|0x6cdd95e2
12:20:49.3 (192421922)|STATEMENT_EXECUTE|[1]
12:20:49.3 (192423941)|STATEMENT_EXECUTE|[2]
12:20:49.3 (194181496)|VARIABLE_SCOPE_BEGIN|[3]|ContactTriggerHandler.events|List<Domain_Event__e>|true|true
12:20:49.3 (194207846)|HEAP_ALLOCATE|[2]|Bytes:7
12:20:49.3 (194279719)|METHOD_ENTRY|[1]|01pak0000054h0L|ContactTriggerHandler.ContactTriggerHandler()
12:20:49.3 (194289568)|STATEMENT_EXECUTE|[1]
12:20:49.3 (194295399)|STATEMENT_EXECUTE|[1]
12:20:49.3 (194308548)|SYSTEM_MODE_ENTER|false
12:20:49.3 (194325509)|HEAP_ALLOCATE|[2]|Bytes:5
12:20:49.3 (194334520)|SYSTEM_MODE_EXIT|false
12:20:49.3 (194346489)|METHOD_EXIT|[1]|ContactTriggerHandler
12:20:49.3 (194376620)|METHOD_ENTRY|[2]|01pak0000054h0L|ContactTriggerHandler.handleTrigger()
12:20:49.3 (194446541)|SYSTEM_MODE_ENTER|false
12:20:49.3 (194455261)|HEAP_ALLOCATE|[7]|Bytes:5
12:20:49.3 (194459391)|STATEMENT_EXECUTE|[6]
12:20:49.3 (194461101)|STATEMENT_EXECUTE|[7]
12:20:49.3 (194474222)|HEAP_ALLOCATE|[7]|Bytes:4
12:20:49.3 (194660695)|HEAP_ALLOCATE|[EXTERNAL]|Bytes:4
12:20:49.3 (194695527)|VARIABLE_ASSIGNMENT|[7]|ContactTriggerHandler.events|[]|0x4eec8c54
12:20:49.3 (194701346)|STATEMENT_EXECUTE|[8]
12:20:49.3 (194899421)|HEAP_ALLOCATE|[8]|Bytes:12
12:20:49.3 (194989302)|STATEMENT_EXECUTE|[9]
12:20:49.3 (194991351)|STATEMENT_EXECUTE|[10]
12:20:49.3 (195033922)|METHOD_ENTRY|[10]|01pak0000054h0L|ContactTriggerHandler.produceDomainEvent(List<Contact>)
12:20:49.3 (195064584)|VARIABLE_SCOPE_BEGIN|[31]|contacts|List<Contact>|true|false
12:20:49.3 (196556202)|VARIABLE_ASSIGNMENT|[31]|contacts|[{"LastModifiedDate":"2024-06-17T19:20:49.000Z","IsDeleted":false,"AccountId":"001ak00000MRwknAAD","IsEmailBounced":false,"DoNotCall":false,"HasOptedOutOfEmail":false,"HasOptedOutOfFax":false,"SystemModstamp":"2024-06-17T19:20:49.000Z","CleanStatus":"Pending","OwnerId":"005ak000005FZQnAAO","CreatedById":"005ak000005FZQnAAO","CreatedDate":"2024-06-17T19:20:49.000Z","Id":"003ak000003LAHBAA4","LastName":"john doe","LastModifiedById":"005ak000005FZQnAAO"},{"LastModifiedDate":"2024-06-17T19:20:49.000Z","IsDeleted":false,"AccountId":"001ak00000MRwkoAAD","IsEmailBounced":false,"DoNotCall":false,"HasOptedOutOfEmail":false,"HasOptedOutOfFax":false,"SystemModstamp":"2024-06-17T19:20:49.000Z","CleanStatus":"Pending","OwnerId":"005ak000005FZQnAAO","CreatedById":"005ak000005FZQnAAO","CreatedDate":"2024-06-17T19:20:49.000Z","Id":"003ak000003LAHCAA4","LastName":"john doe2","LastModifiedById":"005ak000005FZQnAAO"}]|0x2e667ec6
12:20:49.3 (196596503)|HEAP_ALLOCATE|[32]|Bytes:5
12:20:49.3 (196608963)|STATEMENT_EXECUTE|[31]
12:20:49.3 (196611843)|STATEMENT_EXECUTE|[32]
12:20:49.3 (196632714)|HEAP_ALLOCATE|[32]|Bytes:4
12:20:49.3 (196700705)|VARIABLE_SCOPE_BEGIN|[32]|contactIds|Set<Id>|true|false
12:20:49.3 (196741696)|VARIABLE_ASSIGNMENT|[32]|contactIds|[]|0x1bb45b3d
12:20:49.3 (196990661)|HEAP_ALLOCATE|[33]|Bytes:5
12:20:49.3 (197047592)|VARIABLE_SCOPE_BEGIN|[33]|c|Contact|true|false
12:20:49.3 (197707305)|VARIABLE_ASSIGNMENT|[33]|c|{"LastModifiedDate":"2024-06-17T19:20:49.000Z","IsDeleted":false,"AccountId":"001ak00000MRwknAAD","IsEmailBounced":false,"DoNotCall":false,"HasOptedOutOfEmail":false,"HasOptedOutOfFax":false,"SystemModstamp":"2024-06-17T19:20:49.000Z","CleanStatus":"Pending","OwnerId":"005ak000005FZQnAAO","CreatedById":"005ak000005FZQnAAO","CreatedDate":"2024-06-17T19:20:49.000Z","Id":"003ak000003LAHBAA4","LastName":"john doe","LastModifiedById":"005ak000005FZQnAAO"}|0x6631d875
12:20:49.3 (197721445)|STATEMENT_EXECUTE|[33]
12:20:49.3 (197723375)|STATEMENT_EXECUTE|[34]
12:20:49.3 (197816947)|HEAP_ALLOCATE|[EXTERNAL]|Bytes:4
12:20:49.3 (197849158)|HEAP_ALLOCATE|[33]|Bytes:5
12:20:49.3 (197880919)|VARIABLE_SCOPE_BEGIN|[33]|c|Contact|true|false
12:20:49.3 (198388288)|VARIABLE_ASSIGNMENT|[33]|c|{"LastModifiedDate":"2024-06-17T19:20:49.000Z","IsDeleted":false,"AccountId":"001ak00000MRwkoAAD","IsEmailBounced":false,"DoNotCall":false,"HasOptedOutOfEmail":false,"HasOptedOutOfFax":false,"SystemModstamp":"2024-06-17T19:20:49.000Z","CleanStatus":"Pending","OwnerId":"005ak000005FZQnAAO","CreatedById":"005ak000005FZQnAAO","CreatedDate":"2024-06-17T19:20:49.000Z","Id":"003ak000003LAHCAA4","LastName":"john doe2","LastModifiedById":"005ak000005FZQnAAO"}|0x7e04ffb6
12:20:49.3 (198406189)|STATEMENT_EXECUTE|[33]
12:20:49.3 (198408629)|STATEMENT_EXECUTE|[34]
12:20:49.3 (198443849)|HEAP_ALLOCATE|[EXTERNAL]|Bytes:4
12:20:49.3 (198477430)|HEAP_ALLOCATE|[33]|Bytes:5
12:20:49.3 (198507331)|VARIABLE_ASSIGNMENT|[33]|c|null|
12:20:49.3 (198519201)|STATEMENT_EXECUTE|[36]
12:20:49.3 (198581452)|HEAP_ALLOCATE|[36]|Bytes:4
12:20:49.3 (200143193)|HEAP_ALLOCATE|[36]|Bytes:26
12:20:49.3 (206232700)|VARIABLE_ASSIGNMENT|[36]|this.Type__c|"ROLLUP_NUMBER_OF_EMP (6 more) ..."|0x77744e1
12:20:49.3 (206326493)|HEAP_ALLOCATE|[36]|Bytes:24
12:20:49.3 (206360894)|SYSTEM_METHOD_ENTRY|[1]|JSON.JSON()
12:20:49.3 (206369584)|STATEMENT_EXECUTE|[1]
12:20:49.3 (206383454)|SYSTEM_METHOD_EXIT|[1]|JSON
12:20:49.3 (206410075)|METHOD_ENTRY|[36]||System.JSON.serialize(Object)
12:20:49.3 (207770251)|METHOD_EXIT|[36]||System.JSON.serialize(Object)
12:20:49.3 (207866983)|VARIABLE_ASSIGNMENT|[36]|this.Payload__c|"[\"001ak00000MRwknAAD (23 more) ..."|0x77744e1
12:20:49.3 (207947404)|HEAP_ALLOCATE|[EXTERNAL]|Bytes:4
12:20:49.3 (207973655)|METHOD_EXIT|[10]|01pak0000054h0L|ContactTriggerHandler.produceDomainEvent(List<Contact>)
12:20:49.3 (207979786)|STATEMENT_EXECUTE|[23]
12:20:49.3 (208386942)|DML_BEGIN|[23]|Op:Insert|Type:Domain_Event__e|Rows:1
12:20:49.3 (208507606)|HEAP_ALLOCATE|[EXTERNAL]|Bytes:8
12:20:49.3 (226829233)|DML_END|[23]
12:20:49.3 (226899124)|HEAP_ALLOCATE|[EXTERNAL]|Bytes:8
12:20:49.3 (226954934)|SYSTEM_MODE_EXIT|false
12:20:49.3 (226978945)|METHOD_EXIT|[2]|01pak0000054h0L|ContactTriggerHandler.handleTrigger()
12:20:49.227 (227003526)|CUMULATIVE_LIMIT_USAGE
12:20:49.227 (227003526)|LIMIT_USAGE_FOR_NS|(default)|
  Number of SOQL queries: 0 out of 100
  Number of query rows: 0 out of 50000
  Number of SOSL queries: 0 out of 20
  Number of DML statements: 1 out of 150
  Number of Publish Immediate DML: 0 out of 150
  Number of DML rows: 2 out of 10000
  Maximum CPU time: 0 out of 10000
  Maximum heap size: 0 out of 6000000
  Number of callouts: 0 out of 100
  Number of Email Invocations: 0 out of 10
  Number of future calls: 0 out of 50
  Number of queueable jobs added to the queue: 0 out of 50
  Number of Mobile Apex push calls: 0 out of 10

12:20:49.227 (227003526)|TESTING_LIMITS
12:20:49.227 (227003526)|LIMIT_USAGE_FOR_NS|(default)|
  Number of SOQL queries: 0 out of 100
  Number of query rows: 0 out of 50000
  Number of SOSL queries: 0 out of 20
  Number of DML statements: 2 out of 150
  Number of Publish Immediate DML: 0 out of 150
  Number of DML rows: 3 out of 10000
  Maximum CPU time: 0 out of 10000
  Maximum heap size: 0 out of 6000000
  Number of callouts: 0 out of 100
  Number of Email Invocations: 0 out of 10
  Number of future calls: 0 out of 50
  Number of queueable jobs added to the queue: 0 out of 50
  Number of Mobile Apex push calls: 0 out of 10

12:20:49.227 (227003526)|CUMULATIVE_LIMIT_USAGE_END

12:20:49.3 (227346003)|CODE_UNIT_FINISHED|ContactTrigger on Contact trigger event AfterInsert|__sfdc_trigger/ContactTrigger
12:20:49.3 (238408959)|DML_END|[16]
12:20:49.3 (238613582)|HEAP_ALLOCATE|[EXTERNAL]|Bytes:12
12:20:49.3 (238645073)|STATEMENT_EXECUTE|[17]
12:20:49.3 (238673524)|METHOD_ENTRY|[17]||System.Test.getEventBus()
12:20:49.3 (248417474)|SYSTEM_METHOD_ENTRY|[6]|TestBroker.TestBroker()
12:20:49.3 (248434894)|STATEMENT_EXECUTE|[6]
12:20:49.3 (248450784)|SYSTEM_METHOD_EXIT|[6]|TestBroker
12:20:49.3 (248475425)|HEAP_ALLOCATE|[109]|Bytes:4
12:20:49.3 (248488505)|VARIABLE_SCOPE_BEGIN|[6]|this|eventbus.TestBroker|true|false
12:20:49.3 (248542786)|VARIABLE_ASSIGNMENT|[6]|this|{}|0x2e695e10
12:20:49.3 (248611967)|METHOD_EXIT|[17]||System.Test.getEventBus()
12:20:49.3 (248650527)|METHOD_ENTRY|[17]||eventbus.TestBroker.deliver()
12:20:49.3 (277675444)|CODE_UNIT_STARTED|[EXTERNAL]|01qak000000KUBd|DomainEventTrigger on Domain_Event trigger event AfterInsert|__sfdc_trigger/DomainEventTrigger
12:20:49.3 (277768506)|HEAP_ALLOCATE|[EXTERNAL]|Bytes:8
12:20:49.3 (278000211)|HEAP_ALLOCATE|[EXTERNAL]|Bytes:4
12:20:49.3 (278021291)|VARIABLE_SCOPE_BEGIN|[1]|this|DomainEventTrigger|true|false
12:20:49.3 (278080592)|VARIABLE_ASSIGNMENT|[1]|this|{}|0x7b67f973
12:20:49.3 (278173034)|HEAP_ALLOCATE|[EXTERNAL]|Bytes:4
12:20:49.3 (278184404)|VARIABLE_SCOPE_BEGIN|[1]|this|DomainEventTrigger|true|false
12:20:49.3 (278200494)|VARIABLE_ASSIGNMENT|[1]|this|{}|0x7b67f973
12:20:49.3 (278209605)|STATEMENT_EXECUTE|[1]
12:20:49.3 (278211975)|STATEMENT_EXECUTE|[2]
12:20:49.3 (278649223)|HEAP_ALLOCATE|[2]|Bytes:15
12:20:49.3 (278659583)|HEAP_ALLOCATE|[2]|Bytes:5
12:20:49.3 (278702424)|METHOD_ENTRY|[4]|01pak0000054kmB|DomainEventTriggerHandler.DomainEventTriggerHandler()
12:20:49.3 (278710384)|STATEMENT_EXECUTE|[4]
12:20:49.3 (278715534)|STATEMENT_EXECUTE|[4]
12:20:49.3 (278728305)|SYSTEM_MODE_ENTER|false
12:20:49.3 (278744115)|HEAP_ALLOCATE|[2]|Bytes:5
12:20:49.3 (278752885)|SYSTEM_MODE_EXIT|false
12:20:49.3 (278764815)|METHOD_EXIT|[4]|DomainEventTriggerHandler
12:20:49.3 (278787356)|METHOD_ENTRY|[2]|01pak0000054kmB|DomainEventTriggerHandler.handleDomainEvent()
12:20:49.3 (278846927)|SYSTEM_MODE_ENTER|false
12:20:49.3 (278854357)|HEAP_ALLOCATE|[15]|Bytes:5
12:20:49.3 (278858647)|STATEMENT_EXECUTE|[14]
12:20:49.3 (278860367)|STATEMENT_EXECUTE|[15]
12:20:49.3 (278879877)|HEAP_ALLOCATE|[15]|Bytes:4
12:20:49.3 (278941409)|VARIABLE_SCOPE_BEGIN|[15]|rollupNumberOfEmployeesPayloads|List<String>|true|false
12:20:49.3 (278973619)|HEAP_ALLOCATE|[EXTERNAL]|Bytes:4
12:20:49.3 (278991920)|VARIABLE_ASSIGNMENT|[15]|rollupNumberOfEmployeesPayloads|[]|0x6014d000
12:20:49.3 (279197695)|HEAP_ALLOCATE|[16]|Bytes:5
12:20:49.3 (279229714)|VARIABLE_SCOPE_BEGIN|[16]|e|Domain_Event__e|true|false
12:20:49.3 (279455579)|VARIABLE_ASSIGNMENT|[16]|e|{"CreatedById":"005ak000005FZQnAAO","Payload__c":"[\"001ak00000MRwknAAD (23 more) ...","ReplayId":"1","Type__c":"ROLLUP_NUMBER_OF_EMP (6 more) ...","CreatedDate":"2024-06-17T19:20:49.000Z","Id":"e00xx0000000001AAA"}|0x23e440d1
12:20:49.3 (279464889)|STATEMENT_EXECUTE|[16]
12:20:49.3 (279583182)|STATEMENT_EXECUTE|[18]
12:20:49.3 (279585571)|STATEMENT_EXECUTE|[19]
12:20:49.3 (279642922)|HEAP_ALLOCATE|[EXTERNAL]|Bytes:4
12:20:49.3 (279666074)|HEAP_ALLOCATE|[16]|Bytes:5
12:20:49.3 (279684173)|VARIABLE_ASSIGNMENT|[16]|e|null|
12:20:49.3 (279689333)|STATEMENT_EXECUTE|[23]
12:20:49.3 (279699264)|METHOD_ENTRY|[23]|01pak0000054kmB|DomainEventTriggerHandler.dispatchRollupNumberOfEmployeesEventToAppropriateDomains(List<String>)
12:20:49.3 (279725454)|VARIABLE_SCOPE_BEGIN|[31]|payloads|List<String>|true|false
12:20:49.3 (279740094)|VARIABLE_ASSIGNMENT|[31]|payloads|["[\"001ak00000MRwknAAD (23 more) ..."]|0x6014d000
12:20:49.3 (279754654)|HEAP_ALLOCATE|[32]|Bytes:5
12:20:49.3 (279758435)|STATEMENT_EXECUTE|[31]
12:20:49.3 (279760225)|STATEMENT_EXECUTE|[32]
12:20:49.3 (279771466)|HEAP_ALLOCATE|[32]|Bytes:4
12:20:49.3 (279807325)|VARIABLE_SCOPE_BEGIN|[32]|ids|Set<Id>|true|false
12:20:49.3 (279836376)|VARIABLE_ASSIGNMENT|[32]|ids|[]|0x5fa94712
12:20:49.3 (279881118)|HEAP_ALLOCATE|[33]|Bytes:5
12:20:49.3 (279893257)|HEAP_ALLOCATE|[33]|Bytes:43
12:20:49.3 (279900518)|VARIABLE_SCOPE_BEGIN|[33]|payload|String|false|false
12:20:49.3 (279909737)|VARIABLE_ASSIGNMENT|[33]|payload|"[\"001ak00000MRwknAAD (23 more) ..."
12:20:49.3 (279913598)|STATEMENT_EXECUTE|[33]
12:20:49.3 (279915388)|STATEMENT_EXECUTE|[34]
12:20:49.3 (279918537)|HEAP_ALLOCATE|[34]|Bytes:53
12:20:49.3 (280050561)|HEAP_ALLOCATE|[34]|Bytes:30
12:20:49.3 (280068571)|SYSTEM_METHOD_ENTRY|[1]|Type.Type()
12:20:49.3 (280073841)|STATEMENT_EXECUTE|[1]
12:20:49.3 (280083412)|SYSTEM_METHOD_EXIT|[1]|Type
12:20:49.3 (280090512)|HEAP_ALLOCATE|[34]|Bytes:8
12:20:49.3 (280112592)|HEAP_ALLOCATE|[34]|Bytes:8
12:20:49.3 (280117652)|VARIABLE_SCOPE_BEGIN|[4]|this|System.Type|true|false
12:20:49.3 (280140062)|VARIABLE_ASSIGNMENT|[4]|this|{}|0xbaab0a2
12:20:49.3 (280144742)|VARIABLE_SCOPE_BEGIN|[4]|apextype|java:common.apex.runtime.ApexObjectType|true|false
12:20:49.3 (280661043)|VARIABLE_ASSIGNMENT|[4]|apextype|"Set<Id>"|0x3e54ab02
12:20:49.3 (280712414)|HEAP_ALLOCATE|[34]|Bytes:8
12:20:49.3 (280727584)|METHOD_ENTRY|[34]||System.JSON.deserialize(String, System.Type)
12:20:49.3 (281050140)|METHOD_EXIT|[34]||System.JSON.deserialize(String, System.Type)
12:20:49.3 (281081881)|HEAP_ALLOCATE|[EXTERNAL]|Bytes:4
12:20:49.3 (281089601)|HEAP_ALLOCATE|[EXTERNAL]|Bytes:4
12:20:49.3 (281092811)|HEAP_ALLOCATE|[34]|Bytes:8
12:20:49.3 (281108101)|HEAP_ALLOCATE|[33]|Bytes:5
12:20:49.3 (281122351)|VARIABLE_ASSIGNMENT|[33]|payload|null
12:20:49.3 (281127702)|STATEMENT_EXECUTE|[37]
12:20:49.3 (283112140)|HEAP_ALLOCATE|[37]|Bytes:2
12:20:49.3 (283146531)|METHOD_ENTRY|[5]|01pak0000054opo|Accounts.Accounts()
12:20:49.3 (283153771)|STATEMENT_EXECUTE|[5]
12:20:49.3 (283158520)|STATEMENT_EXECUTE|[5]
12:20:49.3 (283165531)|HEAP_ALLOCATE|[37]|Bytes:5
12:20:49.3 (283176932)|METHOD_EXIT|[5]|Accounts
12:20:49.3 (283199912)|METHOD_ENTRY|[37]|01pak0000054opo|Accounts.setNumberOfAcmeEmployees(Set<Id>)
12:20:49.3 (283235273)|VARIABLE_SCOPE_BEGIN|[12]|accountIds|Set<Id>|true|false
12:20:49.3 (283256423)|VARIABLE_ASSIGNMENT|[12]|accountIds|["001ak00000MRwknAAD","001ak00000MRwkoAAD"]|0x5fa94712
12:20:49.3 (283275544)|HEAP_ALLOCATE|[14]|Bytes:5
12:20:49.3 (283280674)|STATEMENT_EXECUTE|[12]
12:20:49.3 (283282344)|STATEMENT_EXECUTE|[14]
12:20:49.3 (283291794)|HEAP_ALLOCATE|[14]|Bytes:4
12:20:49.3 (283335965)|VARIABLE_SCOPE_BEGIN|[14]|records2Update|List<Account>|true|false
12:20:49.3 (283346285)|HEAP_ALLOCATE|[EXTERNAL]|Bytes:4
12:20:49.3 (283356855)|VARIABLE_ASSIGNMENT|[14]|records2Update|[]|0x7fe1bbf8
12:20:49.3 (283362785)|HEAP_ALLOCATE|[15]|Bytes:118
12:20:49.3 (283377496)|HEAP_ALLOCATE|[15]|Bytes:4
12:20:49.3 (283387376)|HEAP_ALLOCATE|[15]|Bytes:7
12:20:49.3 (284186881)|SOQL_EXECUTE_BEGIN|[15]|Aggregations:0|SELECT AccountId, COUNT(ID) FROM Contact WHERE (AccountId = :tmpVar1 AND Account.Name = 'Acme Inc') GROUP BY AccountId
12:20:49.3 (311363441)|SOQL_EXECUTE_END|[15]|Rows:1
12:20:49.3 (311432853)|HEAP_ALLOCATE|[EXTERNAL]|Bytes:8
12:20:49.3 (311713688)|HEAP_ALLOCATE|[15]|Bytes:54
12:20:49.3 (311723877)|HEAP_ALLOCATE|[15]|Bytes:8
12:20:49.3 (311755198)|SYSTEM_METHOD_ENTRY|[7]|QueryLocatorIterator.QueryLocatorIterator()
12:20:49.3 (311762449)|STATEMENT_EXECUTE|[7]
12:20:49.3 (311778529)|SYSTEM_METHOD_EXIT|[7]|QueryLocatorIterator
12:20:49.3 (311789170)|HEAP_ALLOCATE|[15]|Bytes:28
12:20:49.3 (311884640)|HEAP_ALLOCATE|[15]|Bytes:8
12:20:49.3 (311904902)|HEAP_ALLOCATE|[15]|Bytes:8
12:20:49.3 (311908892)|HEAP_ALLOCATE|[15]|Bytes:8
12:20:49.3 (311916761)|VARIABLE_SCOPE_BEGIN|[15]|this|Database.QueryLocatorIterator|true|false
12:20:49.3 (311963903)|VARIABLE_ASSIGNMENT|[15]|this|{}|0x20b852d7
12:20:49.3 (311969433)|VARIABLE_SCOPE_BEGIN|[15]|values|List<SObject>|true|false
12:20:49.3 (312005094)|VARIABLE_ASSIGNMENT|[15]|values|[{"AccountId":"001ak00000MRwknAAD","expr0":1}]|0x7e1922e8
12:20:49.3 (312010674)|VARIABLE_SCOPE_BEGIN|[15]|ql|Database.QueryLocator|true|false
12:20:49.3 (312027234)|VARIABLE_ASSIGNMENT|[15]|ql|{"query":"SELECT AccountId, CO (98 more) ..."}|0xde7f4b5
12:20:49.3 (312032114)|VARIABLE_SCOPE_BEGIN|[15]|totalNumRecords|Integer|false|false
12:20:49.3 (312038824)|VARIABLE_ASSIGNMENT|[15]|totalNumRecords|1
12:20:49.3 (312042315)|VARIABLE_SCOPE_BEGIN|[15]|queryMoreSize|Integer|false|false
12:20:49.3 (312047935)|VARIABLE_ASSIGNMENT|[15]|queryMoreSize|49999
12:20:49.3 (312119416)|HEAP_ALLOCATE|[15]|Bytes:28
12:20:49.3 (312157857)|METHOD_ENTRY|[15]||Database.QueryLocatorIterator.hasNext()
12:20:49.3 (312315040)|METHOD_EXIT|[15]||Database.QueryLocatorIterator.hasNext()
12:20:49.3 (312334310)|METHOD_ENTRY|[15]||Database.QueryLocatorIterator.next()
12:20:49.3 (312443622)|METHOD_EXIT|[15]||Database.QueryLocatorIterator.next()
12:20:49.3 (312456042)|VARIABLE_SCOPE_BEGIN|[15]|result|AggregateResult|true|false
12:20:49.3 (312471973)|VARIABLE_ASSIGNMENT|[15]|result|{"AccountId":"001ak00000MRwknAAD","expr0":1}|0x2252d42c
12:20:49.3 (312478193)|STATEMENT_EXECUTE|[15]
12:20:49.3 (312480203)|STATEMENT_EXECUTE|[16]
12:20:49.3 (312501543)|HEAP_ALLOCATE|[16]|Bytes:4
12:20:49.3 (312515644)|HEAP_ALLOCATE|[16]|Bytes:9
12:20:49.3 (312615756)|HEAP_ALLOCATE|[16]|Bytes:4
12:20:49.3 (312635866)|HEAP_ALLOCATE|[16]|Bytes:4
12:20:49.3 (312713697)|VARIABLE_ASSIGNMENT|[16]|this.Id|"001ak00000MRwknAAD"|0x17756251
12:20:49.3 (312721898)|HEAP_ALLOCATE|[16]|Bytes:5
12:20:49.3 (312804129)|VARIABLE_ASSIGNMENT|[16]|this.NumberOfEmployees|1|0x17756251
12:20:49.3 (312852570)|HEAP_ALLOCATE|[EXTERNAL]|Bytes:4
12:20:49.3 (312866500)|METHOD_ENTRY|[15]||Database.QueryLocatorIterator.hasNext()
12:20:49.3 (312894551)|METHOD_EXIT|[15]||Database.QueryLocatorIterator.hasNext()
12:20:49.3 (312905831)|VARIABLE_ASSIGNMENT|[15]|result|null|
12:20:49.3 (312942372)|HEAP_ALLOCATE|[20]|Bytes:89
12:20:49.3 (312958962)|HEAP_ALLOCATE|[20]|Bytes:4
12:20:49.3 (312980683)|HEAP_ALLOCATE|[20]|Bytes:7
12:20:49.3 (313524963)|SOQL_EXECUTE_BEGIN|[20]|Aggregations:0|SELECT Id FROM Account WHERE (Id = :tmpVar1 AND Id NOT IN :tmpVar2 AND Name = 'Acme Inc')
12:20:49.3 (320807735)|SOQL_EXECUTE_END|[20]|Rows:0
12:20:49.3 (320973798)|HEAP_ALLOCATE|[20]|Bytes:28
12:20:49.3 (320995939)|HEAP_ALLOCATE|[20]|Bytes:8
12:20:49.3 (320999879)|HEAP_ALLOCATE|[20]|Bytes:8
12:20:49.3 (321007749)|VARIABLE_SCOPE_BEGIN|[15]|this|Database.QueryLocatorIterator|true|false
12:20:49.3 (321042620)|VARIABLE_ASSIGNMENT|[15]|this|{}|0x6f8d5876
12:20:49.3 (321047500)|VARIABLE_SCOPE_BEGIN|[15]|values|List<SObject>|true|false
12:20:49.3 (321055520)|VARIABLE_ASSIGNMENT|[15]|values|null|
12:20:49.3 (321058880)|VARIABLE_SCOPE_BEGIN|[15]|ql|Database.QueryLocator|true|false
12:20:49.3 (321081071)|VARIABLE_ASSIGNMENT|[15]|ql|{"query":"SELECT Id FROM Accou (69 more) ..."}|0x51177444
12:20:49.3 (321085181)|VARIABLE_SCOPE_BEGIN|[15]|totalNumRecords|Integer|false|false
12:20:49.3 (321092281)|VARIABLE_ASSIGNMENT|[15]|totalNumRecords|0
12:20:49.3 (321095521)|VARIABLE_SCOPE_BEGIN|[15]|queryMoreSize|Integer|false|false
12:20:49.3 (321101021)|VARIABLE_ASSIGNMENT|[15]|queryMoreSize|49999
12:20:49.3 (321172322)|HEAP_ALLOCATE|[20]|Bytes:28
12:20:49.3 (321197013)|METHOD_ENTRY|[20]||Database.QueryLocatorIterator.hasNext()
12:20:49.3 (321223873)|METHOD_EXIT|[20]||Database.QueryLocatorIterator.hasNext()
12:20:49.3 (321236143)|VARIABLE_ASSIGNMENT|[20]|acc|null|
12:20:49.3 (321242354)|STATEMENT_EXECUTE|[20]
12:20:49.3 (321258594)|STATEMENT_EXECUTE|[23]
12:20:49.3 (321414977)|DML_BEGIN|[23]|Op:Update|Type:Account|Rows:1
12:20:49.3 (321480408)|HEAP_ALLOCATE|[EXTERNAL]|Bytes:8
12:20:49.3 (349204768)|DML_END|[23]
12:20:49.3 (349434343)|HEAP_ALLOCATE|[EXTERNAL]|Bytes:8
12:20:49.3 (349487264)|METHOD_EXIT|[37]|01pak0000054opo|Accounts.setNumberOfAcmeEmployees(Set<Id>)
12:20:49.3 (349503745)|METHOD_EXIT|[23]|01pak0000054kmB|DomainEventTriggerHandler.dispatchRollupNumberOfEmployeesEventToAppropriateDomains(List<String>)
12:20:49.3 (349514975)|SYSTEM_MODE_EXIT|false
12:20:49.3 (349526255)|METHOD_EXIT|[2]|01pak0000054kmB|DomainEventTriggerHandler.handleDomainEvent()
12:20:49.349 (349549685)|CUMULATIVE_LIMIT_USAGE
12:20:49.349 (349549685)|LIMIT_USAGE_FOR_NS|(default)|
  Number of SOQL queries: 2 out of 100
  Number of query rows: 1 out of 50000
  Number of SOSL queries: 0 out of 20
  Number of DML statements: 1 out of 150
  Number of Publish Immediate DML: 0 out of 150
  Number of DML rows: 1 out of 10000
  Maximum CPU time: 0 out of 10000
  Maximum heap size: 0 out of 6000000
  Number of callouts: 0 out of 100
  Number of Email Invocations: 0 out of 10
  Number of future calls: 0 out of 50
  Number of queueable jobs added to the queue: 0 out of 50
  Number of Mobile Apex push calls: 0 out of 10

12:20:49.349 (349549685)|CUMULATIVE_LIMIT_USAGE_END

12:20:49.3 (349883352)|CODE_UNIT_FINISHED|DomainEventTrigger on Domain_Event trigger event AfterInsert|__sfdc_trigger/DomainEventTrigger
12:20:49.3 (353165986)|METHOD_EXIT|[17]||eventbus.TestBroker.deliver()
12:20:49.3 (353179056)|STATEMENT_EXECUTE|[19]
12:20:49.3 (353191686)|HEAP_ALLOCATE|[19]|Bytes:57
12:20:49.3 (353221287)|HEAP_ALLOCATE|[19]|Bytes:4
12:20:49.3 (353766007)|SOQL_EXECUTE_BEGIN|[19]|Aggregations:0|SELECT NumberOfEmployees FROM Account WHERE Id = :tmpVar1
12:20:49.3 (361238663)|SOQL_EXECUTE_END|[19]|Rows:1
12:20:49.3 (361297815)|HEAP_ALLOCATE|[19]|Bytes:8
12:20:49.3 (361383546)|HEAP_ALLOCATE|[19]|Bytes:54
12:20:49.3 (361471768)|HEAP_ALLOCATE|[19]|Bytes:8
12:20:49.3 (361492139)|HEAP_ALLOCATE|[19]|Bytes:33
12:20:49.3 (361533679)|HEAP_ALLOCATE|[19]|Bytes:12
12:20:49.3 (361619742)|HEAP_ALLOCATE|[19]|Bytes:48
12:20:49.3 (361689552)|STATEMENT_EXECUTE|[21]
12:20:49.3 (361707292)|HEAP_ALLOCATE|[21]|Bytes:4
12:20:49.3 (362167472)|SOQL_EXECUTE_BEGIN|[21]|Aggregations:0|SELECT NumberOfEmployees FROM Account WHERE Id = :tmpVar1
12:20:49.3 (373643545)|SOQL_EXECUTE_END|[21]|Rows:1
12:20:49.3 (373704897)|HEAP_ALLOCATE|[21]|Bytes:8
12:20:49.3 (373759208)|HEAP_ALLOCATE|[21]|Bytes:29
12:20:49.3 (373814859)|HEAP_ALLOCATE|[21]|Bytes:8
12:20:49.3 (373869470)|HEAP_ALLOCATE|[21]|Bytes:8
12:20:49.3 (373934231)|HEAP_ALLOCATE|[21]|Bytes:51
12:20:49.3 (373991852)|STATEMENT_EXECUTE|[24]
12:20:49.3 (374025433)|HEAP_ALLOCATE|[24]|Bytes:4
12:20:49.3 (374169445)|VARIABLE_ASSIGNMENT|[24]|this.AccountId|"001ak00000MRwknAAD"|0x4cd04b60
12:20:49.3 (374191776)|HEAP_ALLOCATE|[24]|Bytes:16
12:20:49.3 (374235057)|VARIABLE_ASSIGNMENT|[24]|this.Id|"003ak000003LAHCAA4"|0x4cd04b60
12:20:49.3 (374416270)|HEAP_ALLOCATE|[24]|Bytes:8
12:20:49.3 (374480971)|DML_BEGIN|[24]|Op:Update|Type:Contact|Rows:1
12:20:49.3 (374565154)|HEAP_ALLOCATE|[EXTERNAL]|Bytes:8
12:20:49.3 (407390503)|CODE_UNIT_STARTED|[EXTERNAL]|01qak000000KNlF|ContactTrigger on Contact trigger event AfterUpdate|__sfdc_trigger/ContactTrigger
12:20:49.3 (407487304)|HEAP_ALLOCATE|[EXTERNAL]|Bytes:8
12:20:49.3 (407568677)|HEAP_ALLOCATE|[EXTERNAL]|Bytes:8
12:20:49.3 (407724980)|HEAP_ALLOCATE|[EXTERNAL]|Bytes:4
12:20:49.3 (407739189)|VARIABLE_SCOPE_BEGIN|[1]|this|ContactTrigger|true|false
12:20:49.3 (407775811)|VARIABLE_ASSIGNMENT|[1]|this|{}|0xf500a4a
12:20:49.3 (407820212)|HEAP_ALLOCATE|[EXTERNAL]|Bytes:4
12:20:49.3 (407826882)|VARIABLE_SCOPE_BEGIN|[1]|this|ContactTrigger|true|false
12:20:49.3 (407837802)|VARIABLE_ASSIGNMENT|[1]|this|{}|0xf500a4a
12:20:49.3 (407844391)|STATEMENT_EXECUTE|[1]
12:20:49.3 (407846202)|STATEMENT_EXECUTE|[2]
12:20:49.3 (407859242)|METHOD_ENTRY|[2]|01pak0000054h0L|ContactTriggerHandler.handleTrigger()
12:20:49.3 (407895053)|SYSTEM_MODE_ENTER|false
12:20:49.3 (407912513)|HEAP_ALLOCATE|[7]|Bytes:5
12:20:49.3 (407916714)|STATEMENT_EXECUTE|[6]
12:20:49.3 (407918394)|STATEMENT_EXECUTE|[7]
12:20:49.3 (407935074)|HEAP_ALLOCATE|[7]|Bytes:4
12:20:49.3 (407974535)|HEAP_ALLOCATE|[EXTERNAL]|Bytes:4
12:20:49.3 (407998965)|VARIABLE_ASSIGNMENT|[7]|ContactTriggerHandler.events|[]|0xde24a00
12:20:49.3 (408004165)|STATEMENT_EXECUTE|[8]
12:20:49.3 (408080347)|HEAP_ALLOCATE|[8]|Bytes:12
12:20:49.3 (408216679)|STATEMENT_EXECUTE|[12]
12:20:49.3 (408219009)|STATEMENT_EXECUTE|[13]
12:20:49.3 (408332422)|METHOD_ENTRY|[13]|01pak0000054h0L|ContactTriggerHandler.produceDomainEvent(Map<Id,Contact>, Map<Id,Contact>)
12:20:49.3 (408374672)|VARIABLE_SCOPE_BEGIN|[45]|oldContacts|Map<Id,Contact>|true|false
12:20:49.3 (409155397)|VARIABLE_ASSIGNMENT|[45]|oldContacts|{"003ak000003LAHCAA4":{"LastModifiedDate":"2024-06-17T19:20:49.000Z","IsDeleted":false,"AccountId":"001ak00000MRwkoAAD","IsEmailBounced":false,"DoNotCall":false,"HasOptedOutOfEmail":false,"HasOptedOutOfFax":false,"SystemModstamp":"2024-06-17T19:20:49.000Z","CleanStatus":"Pending","OwnerId":"005ak000005FZQnAAO","CreatedById":"005ak000005FZQnAAO","CreatedDate":"2024-06-17T19:20:49.000Z","Id":"003ak000003LAHCAA4","LastName":"john doe2","LastModifiedById":"005ak000005FZQnAAO"}}|0x142c386c
12:20:49.3 (409169417)|VARIABLE_SCOPE_BEGIN|[45]|newContacts|Map<Id,Contact>|true|false
12:20:49.3 (409683217)|VARIABLE_ASSIGNMENT|[45]|newContacts|{"003ak000003LAHCAA4":{"LastModifiedDate":"2024-06-17T19:20:49.000Z","IsDeleted":false,"AccountId":"001ak00000MRwknAAD","IsEmailBounced":false,"DoNotCall":false,"HasOptedOutOfEmail":false,"HasOptedOutOfFax":false,"SystemModstamp":"2024-06-17T19:20:49.000Z","CleanStatus":"Pending","OwnerId":"005ak000005FZQnAAO","CreatedById":"005ak000005FZQnAAO","CreatedDate":"2024-06-17T19:20:49.000Z","Id":"003ak000003LAHCAA4","LastName":"john doe2","LastModifiedById":"005ak000005FZQnAAO"}}|0x1b2162f9
12:20:49.3 (409717009)|HEAP_ALLOCATE|[46]|Bytes:5
12:20:49.3 (409722609)|STATEMENT_EXECUTE|[45]
12:20:49.3 (409724439)|STATEMENT_EXECUTE|[46]
12:20:49.3 (409738729)|HEAP_ALLOCATE|[46]|Bytes:4
12:20:49.3 (409801020)|VARIABLE_SCOPE_BEGIN|[46]|contactIds|Set<Id>|true|false
12:20:49.3 (409838390)|VARIABLE_ASSIGNMENT|[46]|contactIds|[]|0x40c99d7
12:20:49.3 (409946072)|HEAP_ALLOCATE|[EXTERNAL]|Bytes:8
12:20:49.3 (409960414)|HEAP_ALLOCATE|[47]|Bytes:8
12:20:49.3 (410000974)|HEAP_ALLOCATE|[47]|Bytes:5
12:20:49.3 (410030135)|VARIABLE_SCOPE_BEGIN|[47]|c|Contact|true|false
12:20:49.3 (410526154)|VARIABLE_ASSIGNMENT|[47]|c|{"LastModifiedDate":"2024-06-17T19:20:49.000Z","IsDeleted":false,"AccountId":"001ak00000MRwknAAD","IsEmailBounced":false,"DoNotCall":false,"HasOptedOutOfEmail":false,"HasOptedOutOfFax":false,"SystemModstamp":"2024-06-17T19:20:49.000Z","CleanStatus":"Pending","OwnerId":"005ak000005FZQnAAO","CreatedById":"005ak000005FZQnAAO","CreatedDate":"2024-06-17T19:20:49.000Z","Id":"003ak000003LAHCAA4","LastName":"john doe2","LastModifiedById":"005ak000005FZQnAAO"}|0x3e2aa67d
12:20:49.3 (410542305)|STATEMENT_EXECUTE|[47]
12:20:49.3 (410671867)|STATEMENT_EXECUTE|[48]
12:20:49.3 (410674417)|STATEMENT_EXECUTE|[49]
12:20:49.3 (410717058)|HEAP_ALLOCATE|[EXTERNAL]|Bytes:4
12:20:49.3 (410727878)|STATEMENT_EXECUTE|[50]
12:20:49.3 (410767859)|HEAP_ALLOCATE|[EXTERNAL]|Bytes:4
12:20:49.3 (410788880)|HEAP_ALLOCATE|[47]|Bytes:5
12:20:49.3 (410805800)|VARIABLE_ASSIGNMENT|[47]|c|null|
12:20:49.3 (410811340)|STATEMENT_EXECUTE|[53]
12:20:49.3 (410853551)|HEAP_ALLOCATE|[53]|Bytes:4
12:20:49.3 (410940642)|VARIABLE_ASSIGNMENT|[53]|this.Type__c|"ROLLUP_NUMBER_OF_EMP (6 more) ..."|0x59453c6
12:20:49.3 (410954693)|METHOD_ENTRY|[53]||System.JSON.serialize(Object)
12:20:49.3 (411303479)|METHOD_EXIT|[53]||System.JSON.serialize(Object)
12:20:49.3 (411355140)|VARIABLE_ASSIGNMENT|[53]|this.Payload__c|"[\"001ak00000MRwknAAD (23 more) ..."|0x59453c6
12:20:49.3 (411410001)|HEAP_ALLOCATE|[EXTERNAL]|Bytes:4
12:20:49.3 (411427182)|METHOD_EXIT|[13]|01pak0000054h0L|ContactTriggerHandler.produceDomainEvent(Map<Id,Contact>, Map<Id,Contact>)
12:20:49.3 (411432592)|STATEMENT_EXECUTE|[23]
12:20:49.3 (411783659)|DML_BEGIN|[23]|Op:Insert|Type:Domain_Event__e|Rows:1
12:20:49.3 (411867790)|HEAP_ALLOCATE|[EXTERNAL]|Bytes:8
12:20:49.3 (422553259)|DML_END|[23]
12:20:49.3 (422615500)|HEAP_ALLOCATE|[EXTERNAL]|Bytes:8
12:20:49.3 (422660212)|SYSTEM_MODE_EXIT|false
12:20:49.3 (422689172)|METHOD_EXIT|[2]|01pak0000054h0L|ContactTriggerHandler.handleTrigger()
12:20:49.422 (422718712)|CUMULATIVE_LIMIT_USAGE
12:20:49.422 (422718712)|LIMIT_USAGE_FOR_NS|(default)|
  Number of SOQL queries: 0 out of 100
  Number of query rows: 0 out of 50000
  Number of SOSL queries: 0 out of 20
  Number of DML statements: 1 out of 150
  Number of Publish Immediate DML: 0 out of 150
  Number of DML rows: 2 out of 10000
  Maximum CPU time: 0 out of 10000
  Maximum heap size: 0 out of 6000000
  Number of callouts: 0 out of 100
  Number of Email Invocations: 0 out of 10
  Number of future calls: 0 out of 50
  Number of queueable jobs added to the queue: 0 out of 50
  Number of Mobile Apex push calls: 0 out of 10

12:20:49.422 (422718712)|TESTING_LIMITS
12:20:49.422 (422718712)|LIMIT_USAGE_FOR_NS|(default)|
  Number of SOQL queries: 2 out of 100
  Number of query rows: 2 out of 50000
  Number of SOSL queries: 0 out of 20
  Number of DML statements: 4 out of 150
  Number of Publish Immediate DML: 0 out of 150
  Number of DML rows: 5 out of 10000
  Maximum CPU time: 0 out of 10000
  Maximum heap size: 0 out of 6000000
  Number of callouts: 0 out of 100
  Number of Email Invocations: 0 out of 10
  Number of future calls: 0 out of 50
  Number of queueable jobs added to the queue: 0 out of 50
  Number of Mobile Apex push calls: 0 out of 10

12:20:49.422 (422718712)|CUMULATIVE_LIMIT_USAGE_END

12:20:49.3 (423050318)|CODE_UNIT_FINISHED|ContactTrigger on Contact trigger event AfterUpdate|__sfdc_trigger/ContactTrigger
12:20:49.3 (425551518)|DML_END|[24]
12:20:49.3 (425723890)|STATEMENT_EXECUTE|[25]
12:20:49.3 (425745931)|METHOD_ENTRY|[25]||System.Test.getEventBus()
12:20:49.3 (425980516)|METHOD_EXIT|[25]||System.Test.getEventBus()
12:20:49.3 (425997696)|METHOD_ENTRY|[25]||eventbus.TestBroker.deliver()
12:20:49.3 (455903199)|CODE_UNIT_STARTED|[EXTERNAL]|01qak000000KUBd|DomainEventTrigger on Domain_Event trigger event AfterInsert|__sfdc_trigger/DomainEventTrigger
12:20:49.3 (455994191)|HEAP_ALLOCATE|[EXTERNAL]|Bytes:8
12:20:49.3 (456170234)|HEAP_ALLOCATE|[EXTERNAL]|Bytes:4
12:20:49.3 (456185805)|VARIABLE_SCOPE_BEGIN|[1]|this|DomainEventTrigger|true|false
12:20:49.3 (456222305)|VARIABLE_ASSIGNMENT|[1]|this|{}|0x5967d8a1
12:20:49.3 (456269246)|HEAP_ALLOCATE|[EXTERNAL]|Bytes:4
12:20:49.3 (456275986)|VARIABLE_SCOPE_BEGIN|[1]|this|DomainEventTrigger|true|false
12:20:49.3 (456288217)|VARIABLE_ASSIGNMENT|[1]|this|{}|0x5967d8a1
12:20:49.3 (456295287)|STATEMENT_EXECUTE|[1]
12:20:49.3 (456297387)|STATEMENT_EXECUTE|[2]
12:20:49.3 (456310837)|METHOD_ENTRY|[2]|01pak0000054kmB|DomainEventTriggerHandler.handleDomainEvent()
12:20:49.3 (456343208)|SYSTEM_MODE_ENTER|false
12:20:49.3 (456361868)|HEAP_ALLOCATE|[15]|Bytes:5
12:20:49.3 (456366948)|STATEMENT_EXECUTE|[14]
12:20:49.3 (456368758)|STATEMENT_EXECUTE|[15]
12:20:49.3 (456386608)|HEAP_ALLOCATE|[15]|Bytes:4
12:20:49.3 (456415219)|VARIABLE_SCOPE_BEGIN|[15]|rollupNumberOfEmployeesPayloads|List<String>|true|false
12:20:49.3 (456454550)|HEAP_ALLOCATE|[EXTERNAL]|Bytes:4
12:20:49.3 (456473000)|VARIABLE_ASSIGNMENT|[15]|rollupNumberOfEmployeesPayloads|[]|0x548abcb8
12:20:49.3 (456537531)|HEAP_ALLOCATE|[16]|Bytes:5
12:20:49.3 (456566592)|VARIABLE_SCOPE_BEGIN|[16]|e|Domain_Event__e|true|false
12:20:49.3 (456804136)|VARIABLE_ASSIGNMENT|[16]|e|{"CreatedById":"005ak000005FZQnAAO","Payload__c":"[\"001ak00000MRwknAAD (23 more) ...","ReplayId":"2","Type__c":"ROLLUP_NUMBER_OF_EMP (6 more) ...","CreatedDate":"2024-06-17T19:20:49.000Z","Id":"e00xx0000000002AAA"}|0x4be7279a
12:20:49.3 (456815017)|STATEMENT_EXECUTE|[16]
12:20:49.3 (456880079)|STATEMENT_EXECUTE|[18]
12:20:49.3 (456882408)|STATEMENT_EXECUTE|[19]
12:20:49.3 (456907688)|HEAP_ALLOCATE|[EXTERNAL]|Bytes:4
12:20:49.3 (456930469)|HEAP_ALLOCATE|[16]|Bytes:5
12:20:49.3 (456946649)|VARIABLE_ASSIGNMENT|[16]|e|null|
12:20:49.3 (456951979)|STATEMENT_EXECUTE|[23]
12:20:49.3 (456959339)|METHOD_ENTRY|[23]|01pak0000054kmB|DomainEventTriggerHandler.dispatchRollupNumberOfEmployeesEventToAppropriateDomains(List<String>)
12:20:49.3 (456965920)|VARIABLE_SCOPE_BEGIN|[31]|payloads|List<String>|true|false
12:20:49.3 (456984220)|VARIABLE_ASSIGNMENT|[31]|payloads|["[\"001ak00000MRwknAAD (23 more) ..."]|0x548abcb8
12:20:49.3 (457002470)|HEAP_ALLOCATE|[32]|Bytes:5
12:20:49.3 (457006790)|STATEMENT_EXECUTE|[31]
12:20:49.3 (457008670)|STATEMENT_EXECUTE|[32]
12:20:49.3 (457021941)|HEAP_ALLOCATE|[32]|Bytes:4
12:20:49.3 (457044851)|VARIABLE_SCOPE_BEGIN|[32]|ids|Set<Id>|true|false
12:20:49.3 (457076462)|VARIABLE_ASSIGNMENT|[32]|ids|[]|0x76df4178
12:20:49.3 (457100662)|HEAP_ALLOCATE|[33]|Bytes:5
12:20:49.3 (457113003)|HEAP_ALLOCATE|[33]|Bytes:43
12:20:49.3 (457122172)|VARIABLE_SCOPE_BEGIN|[33]|payload|String|false|false
12:20:49.3 (457132013)|VARIABLE_ASSIGNMENT|[33]|payload|"[\"001ak00000MRwknAAD (23 more) ..."
12:20:49.3 (457136053)|STATEMENT_EXECUTE|[33]
12:20:49.3 (457137853)|STATEMENT_EXECUTE|[34]
12:20:49.3 (457251776)|HEAP_ALLOCATE|[34]|Bytes:8
12:20:49.3 (457261865)|HEAP_ALLOCATE|[34]|Bytes:8
12:20:49.3 (457266585)|VARIABLE_SCOPE_BEGIN|[4]|this|System.Type|true|false
12:20:49.3 (457287927)|VARIABLE_ASSIGNMENT|[4]|this|{}|0x111a3dd2
12:20:49.3 (457296796)|VARIABLE_SCOPE_BEGIN|[4]|apextype|java:common.apex.runtime.ApexObjectType|true|false
12:20:49.3 (457538830)|VARIABLE_ASSIGNMENT|[4]|apextype|"Set<Id>"|0x3e54ab02
12:20:49.3 (457590041)|HEAP_ALLOCATE|[34]|Bytes:8
12:20:49.3 (457606922)|METHOD_ENTRY|[34]||System.JSON.deserialize(String, System.Type)
12:20:49.3 (457968110)|METHOD_EXIT|[34]||System.JSON.deserialize(String, System.Type)
12:20:49.3 (457994680)|HEAP_ALLOCATE|[EXTERNAL]|Bytes:4
12:20:49.3 (458001320)|HEAP_ALLOCATE|[EXTERNAL]|Bytes:4
12:20:49.3 (458005180)|HEAP_ALLOCATE|[34]|Bytes:8
12:20:49.3 (458021941)|HEAP_ALLOCATE|[33]|Bytes:5
12:20:49.3 (458036161)|VARIABLE_ASSIGNMENT|[33]|payload|null
12:20:49.3 (458041330)|STATEMENT_EXECUTE|[37]
12:20:49.3 (458047890)|METHOD_ENTRY|[37]|01pak0000054opo|Accounts.setNumberOfAcmeEmployees(Set<Id>)
12:20:49.3 (458053221)|VARIABLE_SCOPE_BEGIN|[12]|accountIds|Set<Id>|true|false
12:20:49.3 (458072902)|VARIABLE_ASSIGNMENT|[12]|accountIds|["001ak00000MRwknAAD","001ak00000MRwkoAAD"]|0x76df4178
12:20:49.3 (458088832)|HEAP_ALLOCATE|[14]|Bytes:5
12:20:49.3 (458093362)|STATEMENT_EXECUTE|[12]
12:20:49.3 (458095272)|STATEMENT_EXECUTE|[14]
12:20:49.3 (458106522)|HEAP_ALLOCATE|[14]|Bytes:4
12:20:49.3 (458124943)|VARIABLE_SCOPE_BEGIN|[14]|records2Update|List<Account>|true|false
12:20:49.3 (458135023)|HEAP_ALLOCATE|[EXTERNAL]|Bytes:4
12:20:49.3 (458145123)|VARIABLE_ASSIGNMENT|[14]|records2Update|[]|0x10f42c35
12:20:49.3 (458162113)|HEAP_ALLOCATE|[15]|Bytes:4
12:20:49.3 (459009300)|SOQL_EXECUTE_BEGIN|[15]|Aggregations:0|SELECT AccountId, COUNT(ID) FROM Contact WHERE (AccountId = :tmpVar1 AND Account.Name = 'Acme Inc') GROUP BY AccountId
12:20:49.3 (472703537)|SOQL_EXECUTE_END|[15]|Rows:1
12:20:49.3 (472776408)|HEAP_ALLOCATE|[EXTERNAL]|Bytes:8
12:20:49.3 (473012473)|HEAP_ALLOCATE|[15]|Bytes:28
12:20:49.3 (473060853)|HEAP_ALLOCATE|[15]|Bytes:8
12:20:49.3 (473083844)|HEAP_ALLOCATE|[15]|Bytes:8
12:20:49.3 (473087515)|HEAP_ALLOCATE|[15]|Bytes:8
12:20:49.3 (473098254)|VARIABLE_SCOPE_BEGIN|[15]|this|Database.QueryLocatorIterator|true|false
12:20:49.3 (473142495)|VARIABLE_ASSIGNMENT|[15]|this|{}|0x195d08f0
12:20:49.3 (473149716)|VARIABLE_SCOPE_BEGIN|[15]|values|List<SObject>|true|false
12:20:49.3 (473193616)|VARIABLE_ASSIGNMENT|[15]|values|[{"AccountId":"001ak00000MRwknAAD","expr0":2}]|0x3d470378
12:20:49.3 (473203407)|VARIABLE_SCOPE_BEGIN|[15]|ql|Database.QueryLocator|true|false
12:20:49.3 (473224678)|VARIABLE_ASSIGNMENT|[15]|ql|{"query":"SELECT AccountId, CO (98 more) ..."}|0x65f2e8d8
12:20:49.3 (473228888)|VARIABLE_SCOPE_BEGIN|[15]|totalNumRecords|Integer|false|false
12:20:49.3 (473235907)|VARIABLE_ASSIGNMENT|[15]|totalNumRecords|1
12:20:49.3 (473239318)|VARIABLE_SCOPE_BEGIN|[15]|queryMoreSize|Integer|false|false
12:20:49.3 (473245097)|VARIABLE_ASSIGNMENT|[15]|queryMoreSize|49999
12:20:49.3 (473364429)|HEAP_ALLOCATE|[15]|Bytes:28
12:20:49.3 (473391361)|METHOD_ENTRY|[15]||Database.QueryLocatorIterator.hasNext()
12:20:49.3 (473448402)|METHOD_EXIT|[15]||Database.QueryLocatorIterator.hasNext()
12:20:49.3 (473455741)|METHOD_ENTRY|[15]||Database.QueryLocatorIterator.next()
12:20:49.3 (473551614)|METHOD_EXIT|[15]||Database.QueryLocatorIterator.next()
12:20:49.3 (473561713)|VARIABLE_SCOPE_BEGIN|[15]|result|AggregateResult|true|false
12:20:49.3 (473579233)|VARIABLE_ASSIGNMENT|[15]|result|{"AccountId":"001ak00000MRwknAAD","expr0":2}|0x189751d1
12:20:49.3 (473585753)|STATEMENT_EXECUTE|[15]
12:20:49.3 (473587983)|STATEMENT_EXECUTE|[16]
12:20:49.3 (473607975)|HEAP_ALLOCATE|[16]|Bytes:4
12:20:49.3 (473662155)|HEAP_ALLOCATE|[16]|Bytes:4
12:20:49.3 (473675986)|HEAP_ALLOCATE|[16]|Bytes:4
12:20:49.3 (473754528)|VARIABLE_ASSIGNMENT|[16]|this.Id|"001ak00000MRwknAAD"|0x6c25422f
12:20:49.3 (473829699)|VARIABLE_ASSIGNMENT|[16]|this.NumberOfEmployees|2|0x6c25422f
12:20:49.3 (473861559)|HEAP_ALLOCATE|[EXTERNAL]|Bytes:4
12:20:49.3 (473874410)|METHOD_ENTRY|[15]||Database.QueryLocatorIterator.hasNext()
12:20:49.3 (473897180)|METHOD_EXIT|[15]||Database.QueryLocatorIterator.hasNext()
12:20:49.3 (473906080)|VARIABLE_ASSIGNMENT|[15]|result|null|
12:20:49.3 (473941861)|HEAP_ALLOCATE|[20]|Bytes:4
12:20:49.3 (474498682)|SOQL_EXECUTE_BEGIN|[20]|Aggregations:0|SELECT Id FROM Account WHERE (Id = :tmpVar1 AND Id NOT IN :tmpVar2 AND Name = 'Acme Inc')
12:20:49.3 (479139163)|SOQL_EXECUTE_END|[20]|Rows:0
12:20:49.3 (479313545)|HEAP_ALLOCATE|[20]|Bytes:28
12:20:49.3 (479344297)|HEAP_ALLOCATE|[20]|Bytes:8
12:20:49.3 (479349266)|HEAP_ALLOCATE|[20]|Bytes:8
12:20:49.3 (479357567)|VARIABLE_SCOPE_BEGIN|[15]|this|Database.QueryLocatorIterator|true|false
12:20:49.3 (479399098)|VARIABLE_ASSIGNMENT|[15]|this|{}|0x33751b8
12:20:49.3 (479404338)|VARIABLE_SCOPE_BEGIN|[15]|values|List<SObject>|true|false
12:20:49.3 (479411387)|VARIABLE_ASSIGNMENT|[15]|values|null|
12:20:49.3 (479414747)|VARIABLE_SCOPE_BEGIN|[15]|ql|Database.QueryLocator|true|false
12:20:49.3 (479437178)|VARIABLE_ASSIGNMENT|[15]|ql|{"query":"SELECT Id FROM Accou (69 more) ..."}|0xf0d4b21
12:20:49.3 (479441528)|VARIABLE_SCOPE_BEGIN|[15]|totalNumRecords|Integer|false|false
12:20:49.3 (479448739)|VARIABLE_ASSIGNMENT|[15]|totalNumRecords|0
12:20:49.3 (479452148)|VARIABLE_SCOPE_BEGIN|[15]|queryMoreSize|Integer|false|false
12:20:49.3 (479457788)|VARIABLE_ASSIGNMENT|[15]|queryMoreSize|49999
12:20:49.3 (479525420)|HEAP_ALLOCATE|[20]|Bytes:28
12:20:49.3 (479544410)|METHOD_ENTRY|[20]||Database.QueryLocatorIterator.hasNext()
12:20:49.3 (479571761)|METHOD_EXIT|[20]||Database.QueryLocatorIterator.hasNext()
12:20:49.3 (479583481)|VARIABLE_ASSIGNMENT|[20]|acc|null|
12:20:49.3 (479589631)|STATEMENT_EXECUTE|[20]
12:20:49.3 (479603841)|STATEMENT_EXECUTE|[23]
12:20:49.3 (479685103)|DML_BEGIN|[23]|Op:Update|Type:Account|Rows:1
12:20:49.3 (479752054)|HEAP_ALLOCATE|[EXTERNAL]|Bytes:8
12:20:49.3 (505783981)|DML_END|[23]
12:20:49.3 (506107878)|HEAP_ALLOCATE|[EXTERNAL]|Bytes:8
12:20:49.3 (506174529)|METHOD_EXIT|[37]|01pak0000054opo|Accounts.setNumberOfAcmeEmployees(Set<Id>)
12:20:49.3 (506190540)|METHOD_EXIT|[23]|01pak0000054kmB|DomainEventTriggerHandler.dispatchRollupNumberOfEmployeesEventToAppropriateDomains(List<String>)
12:20:49.3 (506202230)|SYSTEM_MODE_EXIT|false
12:20:49.3 (506215260)|METHOD_EXIT|[2]|01pak0000054kmB|DomainEventTriggerHandler.handleDomainEvent()
12:20:49.506 (506239471)|CUMULATIVE_LIMIT_USAGE
12:20:49.506 (506239471)|LIMIT_USAGE_FOR_NS|(default)|
  Number of SOQL queries: 2 out of 100
  Number of query rows: 1 out of 50000
  Number of SOSL queries: 0 out of 20
  Number of DML statements: 1 out of 150
  Number of Publish Immediate DML: 0 out of 150
  Number of DML rows: 1 out of 10000
  Maximum CPU time: 0 out of 10000
  Maximum heap size: 0 out of 6000000
  Number of callouts: 0 out of 100
  Number of Email Invocations: 0 out of 10
  Number of future calls: 0 out of 50
  Number of queueable jobs added to the queue: 0 out of 50
  Number of Mobile Apex push calls: 0 out of 10

12:20:49.506 (506239471)|CUMULATIVE_LIMIT_USAGE_END

12:20:49.3 (506538556)|CODE_UNIT_FINISHED|DomainEventTrigger on Domain_Event trigger event AfterInsert|__sfdc_trigger/DomainEventTrigger
12:20:49.3 (509935602)|METHOD_EXIT|[25]||eventbus.TestBroker.deliver()
12:20:49.3 (509948982)|STATEMENT_EXECUTE|[27]
12:20:49.3 (509981023)|HEAP_ALLOCATE|[27]|Bytes:4
12:20:49.3 (510514463)|SOQL_EXECUTE_BEGIN|[27]|Aggregations:0|SELECT NumberOfEmployees FROM Account WHERE Id = :tmpVar1
12:20:49.3 (518136942)|SOQL_EXECUTE_END|[27]|Rows:1
12:20:49.3 (518194394)|HEAP_ALLOCATE|[27]|Bytes:8
12:20:49.3 (518244494)|HEAP_ALLOCATE|[27]|Bytes:54
12:20:49.3 (518324826)|HEAP_ALLOCATE|[27]|Bytes:8
12:20:49.3 (518380337)|HEAP_ALLOCATE|[27]|Bytes:12
12:20:49.3 (518406107)|HEAP_ALLOCATE|[27]|Bytes:48
12:20:49.3 (518461658)|STATEMENT_EXECUTE|[30]
12:20:49.3 (518482309)|HEAP_ALLOCATE|[30]|Bytes:16
12:20:49.3 (518538411)|HEAP_ALLOCATE|[30]|Bytes:8
12:20:49.3 (518572501)|HEAP_ALLOCATE|[30]|Bytes:8
12:20:49.3 (518597141)|DML_BEGIN|[30]|Op:Delete|Type:Contact|Rows:1
12:20:49.3 (518665112)|HEAP_ALLOCATE|[EXTERNAL]|Bytes:8
12:20:50.146 (1146115727)|CODE_UNIT_STARTED|[EXTERNAL]|01qak000000KNlF|ContactTrigger on Contact trigger event AfterDelete|__sfdc_trigger/ContactTrigger
12:20:50.146 (1146210748)|HEAP_ALLOCATE|[EXTERNAL]|Bytes:8
12:20:50.146 (1146431593)|HEAP_ALLOCATE|[EXTERNAL]|Bytes:4
12:20:50.146 (1146447713)|VARIABLE_SCOPE_BEGIN|[1]|this|ContactTrigger|true|false
12:20:50.146 (1146484984)|VARIABLE_ASSIGNMENT|[1]|this|{}|0x5aee639
12:20:50.146 (1146525654)|HEAP_ALLOCATE|[EXTERNAL]|Bytes:4
12:20:50.146 (1146531745)|VARIABLE_SCOPE_BEGIN|[1]|this|ContactTrigger|true|false
12:20:50.146 (1146543046)|VARIABLE_ASSIGNMENT|[1]|this|{}|0x5aee639
12:20:50.146 (1146549975)|STATEMENT_EXECUTE|[1]
12:20:50.146 (1146552126)|STATEMENT_EXECUTE|[2]
12:20:50.146 (1146564155)|METHOD_ENTRY|[2]|01pak0000054h0L|ContactTriggerHandler.handleTrigger()
12:20:50.146 (1146598306)|SYSTEM_MODE_ENTER|false
12:20:50.146 (1146617076)|HEAP_ALLOCATE|[7]|Bytes:5
12:20:50.146 (1146621616)|STATEMENT_EXECUTE|[6]
12:20:50.146 (1146624106)|STATEMENT_EXECUTE|[7]
12:20:50.146 (1146639357)|HEAP_ALLOCATE|[7]|Bytes:4
12:20:50.146 (1146675457)|HEAP_ALLOCATE|[EXTERNAL]|Bytes:4
12:20:50.146 (1146700538)|VARIABLE_ASSIGNMENT|[7]|ContactTriggerHandler.events|[]|0x8d8e567
12:20:50.146 (1146705978)|STATEMENT_EXECUTE|[8]
12:20:50.146 (1146781890)|HEAP_ALLOCATE|[8]|Bytes:12
12:20:50.146 (1146930573)|STATEMENT_EXECUTE|[15]
12:20:50.146 (1146932992)|STATEMENT_EXECUTE|[16]
12:20:50.146 (1146973774)|METHOD_ENTRY|[16]|01pak0000054h0L|ContactTriggerHandler.produceDomainEvent(List<Contact>)
12:20:50.146 (1146993054)|VARIABLE_SCOPE_BEGIN|[31]|contacts|List<Contact>|true|false
12:20:50.146 (1147846551)|VARIABLE_ASSIGNMENT|[31]|contacts|[{"LastModifiedDate":"2024-06-17T19:20:49.000Z","IsDeleted":false,"AccountId":"001ak00000MRwknAAD","IsEmailBounced":false,"DoNotCall":false,"HasOptedOutOfEmail":false,"HasOptedOutOfFax":false,"SystemModstamp":"2024-06-17T19:20:49.000Z","CleanStatus":"Pending","OwnerId":"005ak000005FZQnAAO","CreatedById":"005ak000005FZQnAAO","CreatedDate":"2024-06-17T19:20:49.000Z","Id":"003ak000003LAHBAA4","LastName":"john doe","LastModifiedById":"005ak000005FZQnAAO"}]|0x489989a4
12:20:50.146 (1147871851)|HEAP_ALLOCATE|[32]|Bytes:5
12:20:50.146 (1147877231)|STATEMENT_EXECUTE|[31]
12:20:50.146 (1147879171)|STATEMENT_EXECUTE|[32]
12:20:50.146 (1147891451)|HEAP_ALLOCATE|[32]|Bytes:4
12:20:50.146 (1147914282)|VARIABLE_SCOPE_BEGIN|[32]|contactIds|Set<Id>|true|false
12:20:50.146 (1147947353)|VARIABLE_ASSIGNMENT|[32]|contactIds|[]|0x1af06721
12:20:50.146 (1147978433)|HEAP_ALLOCATE|[33]|Bytes:5
12:20:50.146 (1148005054)|VARIABLE_SCOPE_BEGIN|[33]|c|Contact|true|false
12:20:50.146 (1148402881)|VARIABLE_ASSIGNMENT|[33]|c|{"LastModifiedDate":"2024-06-17T19:20:49.000Z","IsDeleted":false,"AccountId":"001ak00000MRwknAAD","IsEmailBounced":false,"DoNotCall":false,"HasOptedOutOfEmail":false,"HasOptedOutOfFax":false,"SystemModstamp":"2024-06-17T19:20:49.000Z","CleanStatus":"Pending","OwnerId":"005ak000005FZQnAAO","CreatedById":"005ak000005FZQnAAO","CreatedDate":"2024-06-17T19:20:49.000Z","Id":"003ak000003LAHBAA4","LastName":"john doe","LastModifiedById":"005ak000005FZQnAAO"}|0x681dc568
12:20:50.146 (1148417222)|STATEMENT_EXECUTE|[33]
12:20:50.146 (1148419022)|STATEMENT_EXECUTE|[34]
12:20:50.146 (1148455822)|HEAP_ALLOCATE|[EXTERNAL]|Bytes:4
12:20:50.146 (1148476313)|HEAP_ALLOCATE|[33]|Bytes:5
12:20:50.146 (1148491113)|VARIABLE_ASSIGNMENT|[33]|c|null|
12:20:50.146 (1148496923)|STATEMENT_EXECUTE|[36]
12:20:50.146 (1148523864)|HEAP_ALLOCATE|[36]|Bytes:4
12:20:50.146 (1148602065)|VARIABLE_ASSIGNMENT|[36]|this.Type__c|"ROLLUP_NUMBER_OF_EMP (6 more) ..."|0x23719f28
12:20:50.146 (1148615325)|METHOD_ENTRY|[36]||System.JSON.serialize(Object)
12:20:50.146 (1148915591)|METHOD_EXIT|[36]||System.JSON.serialize(Object)
12:20:50.146 (1148957922)|VARIABLE_ASSIGNMENT|[36]|this.Payload__c|"[\"001ak00000MRwknAAD (2 more) ..."|0x23719f28
12:20:50.146 (1148986722)|HEAP_ALLOCATE|[EXTERNAL]|Bytes:4
12:20:50.146 (1149002843)|METHOD_EXIT|[16]|01pak0000054h0L|ContactTriggerHandler.produceDomainEvent(List<Contact>)
12:20:50.146 (1149009583)|STATEMENT_EXECUTE|[23]
12:20:50.146 (1149383261)|DML_BEGIN|[23]|Op:Insert|Type:Domain_Event__e|Rows:1
12:20:50.146 (1149463782)|HEAP_ALLOCATE|[EXTERNAL]|Bytes:8
12:20:50.146 (1158310155)|DML_END|[23]
12:20:50.146 (1158376976)|HEAP_ALLOCATE|[EXTERNAL]|Bytes:8
12:20:50.146 (1158444857)|SYSTEM_MODE_EXIT|false
12:20:50.146 (1158465618)|METHOD_EXIT|[2]|01pak0000054h0L|ContactTriggerHandler.handleTrigger()
12:20:50.158 (1158488238)|CUMULATIVE_LIMIT_USAGE
12:20:50.158 (1158488238)|LIMIT_USAGE_FOR_NS|(default)|
  Number of SOQL queries: 0 out of 100
  Number of query rows: 0 out of 50000
  Number of SOSL queries: 0 out of 20
  Number of DML statements: 1 out of 150
  Number of Publish Immediate DML: 0 out of 150
  Number of DML rows: 2 out of 10000
  Maximum CPU time: 0 out of 10000
  Maximum heap size: 0 out of 6000000
  Number of callouts: 0 out of 100
  Number of Email Invocations: 0 out of 10
  Number of future calls: 0 out of 50
  Number of queueable jobs added to the queue: 0 out of 50
  Number of Mobile Apex push calls: 0 out of 10

12:20:50.158 (1158488238)|TESTING_LIMITS
12:20:50.158 (1158488238)|LIMIT_USAGE_FOR_NS|(default)|
  Number of SOQL queries: 3 out of 100
  Number of query rows: 3 out of 50000
  Number of SOSL queries: 0 out of 20
  Number of DML statements: 6 out of 150
  Number of Publish Immediate DML: 0 out of 150
  Number of DML rows: 7 out of 10000
  Maximum CPU time: 209 out of 10000
  Maximum heap size: 0 out of 6000000
  Number of callouts: 0 out of 100
  Number of Email Invocations: 0 out of 10
  Number of future calls: 0 out of 50
  Number of queueable jobs added to the queue: 0 out of 50
  Number of Mobile Apex push calls: 0 out of 10

12:20:50.158 (1158488238)|CUMULATIVE_LIMIT_USAGE_END

12:20:50.146 (1158758903)|CODE_UNIT_FINISHED|ContactTrigger on Contact trigger event AfterDelete|__sfdc_trigger/ContactTrigger
12:20:50.146 (1161702261)|DML_END|[30]
12:20:50.146 (1161865984)|STATEMENT_EXECUTE|[31]
12:20:50.146 (1161882784)|METHOD_ENTRY|[31]||System.Test.getEventBus()
12:20:50.146 (1162146659)|METHOD_EXIT|[31]||System.Test.getEventBus()
12:20:50.146 (1162164380)|METHOD_ENTRY|[31]||eventbus.TestBroker.deliver()
12:20:50.146 (1179970337)|CODE_UNIT_STARTED|[EXTERNAL]|01qak000000KUBd|DomainEventTrigger on Domain_Event trigger event AfterInsert|__sfdc_trigger/DomainEventTrigger
12:20:50.146 (1180057419)|HEAP_ALLOCATE|[EXTERNAL]|Bytes:8
12:20:50.146 (1180232852)|HEAP_ALLOCATE|[EXTERNAL]|Bytes:4
12:20:50.146 (1180248302)|VARIABLE_SCOPE_BEGIN|[1]|this|DomainEventTrigger|true|false
12:20:50.146 (1180283863)|VARIABLE_ASSIGNMENT|[1]|this|{}|0x2ff86744
12:20:50.146 (1180330154)|HEAP_ALLOCATE|[EXTERNAL]|Bytes:4
12:20:50.146 (1180336534)|VARIABLE_SCOPE_BEGIN|[1]|this|DomainEventTrigger|true|false
12:20:50.146 (1180348834)|VARIABLE_ASSIGNMENT|[1]|this|{}|0x2ff86744
12:20:50.146 (1180356084)|STATEMENT_EXECUTE|[1]
12:20:50.146 (1180358265)|STATEMENT_EXECUTE|[2]
12:20:50.146 (1180369825)|METHOD_ENTRY|[2]|01pak0000054kmB|DomainEventTriggerHandler.handleDomainEvent()
12:20:50.146 (1180401785)|SYSTEM_MODE_ENTER|false
12:20:50.146 (1180420566)|HEAP_ALLOCATE|[15]|Bytes:5
12:20:50.146 (1180425526)|STATEMENT_EXECUTE|[14]
12:20:50.146 (1180427296)|STATEMENT_EXECUTE|[15]
12:20:50.146 (1180444406)|HEAP_ALLOCATE|[15]|Bytes:4
12:20:50.146 (1180474147)|VARIABLE_SCOPE_BEGIN|[15]|rollupNumberOfEmployeesPayloads|List<String>|true|false
12:20:50.146 (1180510967)|HEAP_ALLOCATE|[EXTERNAL]|Bytes:4
12:20:50.146 (1180528108)|VARIABLE_ASSIGNMENT|[15]|rollupNumberOfEmployeesPayloads|[]|0x796d8414
12:20:50.146 (1180591929)|HEAP_ALLOCATE|[16]|Bytes:5
12:20:50.146 (1180622000)|VARIABLE_SCOPE_BEGIN|[16]|e|Domain_Event__e|true|false
12:20:50.146 (1180802863)|VARIABLE_ASSIGNMENT|[16]|e|{"CreatedById":"005ak000005FZQnAAO","Payload__c":"[\"001ak00000MRwknAAD (2 more) ...","ReplayId":"3","Type__c":"ROLLUP_NUMBER_OF_EMP (6 more) ...","CreatedDate":"2024-06-17T19:20:50.000Z","Id":"e00xx0000000003AAA"}|0x20b1e836
12:20:50.146 (1180813253)|STATEMENT_EXECUTE|[16]
12:20:50.146 (1180874235)|STATEMENT_EXECUTE|[18]
12:20:50.146 (1180876435)|STATEMENT_EXECUTE|[19]
12:20:50.146 (1180903036)|HEAP_ALLOCATE|[EXTERNAL]|Bytes:4
12:20:50.146 (1180922825)|HEAP_ALLOCATE|[16]|Bytes:5
12:20:50.146 (1180938486)|VARIABLE_ASSIGNMENT|[16]|e|null|
12:20:50.146 (1180944026)|STATEMENT_EXECUTE|[23]
12:20:50.146 (1180951386)|METHOD_ENTRY|[23]|01pak0000054kmB|DomainEventTriggerHandler.dispatchRollupNumberOfEmployeesEventToAppropriateDomains(List<String>)
12:20:50.146 (1180958616)|VARIABLE_SCOPE_BEGIN|[31]|payloads|List<String>|true|false
12:20:50.146 (1180974646)|VARIABLE_ASSIGNMENT|[31]|payloads|["[\"001ak00000MRwknAAD (2 more) ..."]|0x796d8414
12:20:50.146 (1180991887)|HEAP_ALLOCATE|[32]|Bytes:5
12:20:50.146 (1180995687)|STATEMENT_EXECUTE|[31]
12:20:50.146 (1180997647)|STATEMENT_EXECUTE|[32]
12:20:50.146 (1181010647)|HEAP_ALLOCATE|[32]|Bytes:4
12:20:50.146 (1181032727)|VARIABLE_SCOPE_BEGIN|[32]|ids|Set<Id>|true|false
12:20:50.146 (1181062938)|VARIABLE_ASSIGNMENT|[32]|ids|[]|0x62754e58
12:20:50.146 (1181087709)|HEAP_ALLOCATE|[33]|Bytes:5
12:20:50.146 (1181099779)|HEAP_ALLOCATE|[33]|Bytes:22
12:20:50.146 (1181108179)|VARIABLE_SCOPE_BEGIN|[33]|payload|String|false|false
12:20:50.146 (1181117249)|VARIABLE_ASSIGNMENT|[33]|payload|"[\"001ak00000MRwknAAD (2 more) ..."
12:20:50.146 (1181121280)|STATEMENT_EXECUTE|[33]
12:20:50.146 (1181123049)|STATEMENT_EXECUTE|[34]
12:20:50.146 (1181228821)|HEAP_ALLOCATE|[34]|Bytes:8
12:20:50.146 (1181239362)|HEAP_ALLOCATE|[34]|Bytes:8
12:20:50.146 (1181244672)|VARIABLE_SCOPE_BEGIN|[4]|this|System.Type|true|false
12:20:50.146 (1181266592)|VARIABLE_ASSIGNMENT|[4]|this|{}|0xe5bc715
12:20:50.146 (1181271232)|VARIABLE_SCOPE_BEGIN|[4]|apextype|java:common.apex.runtime.ApexObjectType|true|false
12:20:50.146 (1181456836)|VARIABLE_ASSIGNMENT|[4]|apextype|"Set<Id>"|0x3e54ab02
12:20:50.146 (1181509658)|HEAP_ALLOCATE|[34]|Bytes:8
12:20:50.146 (1181523408)|METHOD_ENTRY|[34]||System.JSON.deserialize(String, System.Type)
12:20:50.146 (1181814973)|METHOD_EXIT|[34]||System.JSON.deserialize(String, System.Type)
12:20:50.146 (1181841803)|HEAP_ALLOCATE|[EXTERNAL]|Bytes:4
12:20:50.146 (1181846934)|HEAP_ALLOCATE|[34]|Bytes:4
12:20:50.146 (1181863414)|HEAP_ALLOCATE|[33]|Bytes:5
12:20:50.146 (1181878755)|VARIABLE_ASSIGNMENT|[33]|payload|null
12:20:50.146 (1181884835)|STATEMENT_EXECUTE|[37]
12:20:50.146 (1181891495)|METHOD_ENTRY|[37]|01pak0000054opo|Accounts.setNumberOfAcmeEmployees(Set<Id>)
12:20:50.146 (1181897515)|VARIABLE_SCOPE_BEGIN|[12]|accountIds|Set<Id>|true|false
12:20:50.146 (1181913884)|VARIABLE_ASSIGNMENT|[12]|accountIds|["001ak00000MRwknAAD"]|0x62754e58
12:20:50.146 (1181930805)|HEAP_ALLOCATE|[14]|Bytes:5
12:20:50.146 (1181935116)|STATEMENT_EXECUTE|[12]
12:20:50.146 (1181937106)|STATEMENT_EXECUTE|[14]
12:20:50.146 (1181947546)|HEAP_ALLOCATE|[14]|Bytes:4
12:20:50.146 (1181965936)|VARIABLE_SCOPE_BEGIN|[14]|records2Update|List<Account>|true|false
12:20:50.146 (1181974645)|HEAP_ALLOCATE|[EXTERNAL]|Bytes:4
12:20:50.146 (1181984707)|VARIABLE_ASSIGNMENT|[14]|records2Update|[]|0x1b03bfee
12:20:50.146 (1182006397)|HEAP_ALLOCATE|[15]|Bytes:4
12:20:50.146 (1182833423)|SOQL_EXECUTE_BEGIN|[15]|Aggregations:0|SELECT AccountId, COUNT(ID) FROM Contact WHERE (AccountId = :tmpVar1 AND Account.Name = 'Acme Inc') GROUP BY AccountId
12:20:50.146 (1202022248)|SOQL_EXECUTE_END|[15]|Rows:1
12:20:50.146 (1202095708)|HEAP_ALLOCATE|[EXTERNAL]|Bytes:8
12:20:50.146 (1202342603)|HEAP_ALLOCATE|[15]|Bytes:28
12:20:50.146 (1202396874)|HEAP_ALLOCATE|[15]|Bytes:8
12:20:50.146 (1202421684)|HEAP_ALLOCATE|[15]|Bytes:8
12:20:50.146 (1202426154)|HEAP_ALLOCATE|[15]|Bytes:8
12:20:50.146 (1202438305)|VARIABLE_SCOPE_BEGIN|[15]|this|Database.QueryLocatorIterator|true|false
12:20:50.146 (1202490006)|VARIABLE_ASSIGNMENT|[15]|this|{}|0x438d2198
12:20:50.146 (1202496236)|VARIABLE_SCOPE_BEGIN|[15]|values|List<SObject>|true|false
12:20:50.146 (1202536357)|VARIABLE_ASSIGNMENT|[15]|values|[{"AccountId":"001ak00000MRwknAAD","expr0":1}]|0x543062f1
12:20:50.146 (1202542197)|VARIABLE_SCOPE_BEGIN|[15]|ql|Database.QueryLocator|true|false
12:20:50.146 (1202563658)|VARIABLE_ASSIGNMENT|[15]|ql|{"query":"SELECT AccountId, CO (98 more) ..."}|0x483414bc
12:20:50.146 (1202568447)|VARIABLE_SCOPE_BEGIN|[15]|totalNumRecords|Integer|false|false
12:20:50.146 (1202576258)|VARIABLE_ASSIGNMENT|[15]|totalNumRecords|1
12:20:50.146 (1202580197)|VARIABLE_SCOPE_BEGIN|[15]|queryMoreSize|Integer|false|false
12:20:50.146 (1202587448)|VARIABLE_ASSIGNMENT|[15]|queryMoreSize|49999
12:20:50.146 (1202678879)|HEAP_ALLOCATE|[15]|Bytes:28
12:20:50.146 (1202702290)|METHOD_ENTRY|[15]||Database.QueryLocatorIterator.hasNext()
12:20:50.146 (1202755832)|METHOD_EXIT|[15]||Database.QueryLocatorIterator.hasNext()
12:20:50.146 (1202762992)|METHOD_ENTRY|[15]||Database.QueryLocatorIterator.next()
12:20:50.146 (1202867234)|METHOD_EXIT|[15]||Database.QueryLocatorIterator.next()
12:20:50.146 (1202884394)|VARIABLE_SCOPE_BEGIN|[15]|result|AggregateResult|true|false
12:20:50.146 (1202907614)|VARIABLE_ASSIGNMENT|[15]|result|{"AccountId":"001ak00000MRwknAAD","expr0":1}|0x41f8a82f
12:20:50.146 (1202914934)|STATEMENT_EXECUTE|[15]
12:20:50.146 (1202917174)|STATEMENT_EXECUTE|[16]
12:20:50.146 (1202939124)|HEAP_ALLOCATE|[16]|Bytes:4
12:20:50.146 (1202997026)|HEAP_ALLOCATE|[16]|Bytes:4
12:20:50.146 (1203012296)|HEAP_ALLOCATE|[16]|Bytes:4
12:20:50.146 (1203077657)|VARIABLE_ASSIGNMENT|[16]|this.Id|"001ak00000MRwknAAD"|0x3c230018
12:20:50.146 (1203157079)|VARIABLE_ASSIGNMENT|[16]|this.NumberOfEmployees|1|0x3c230018
12:20:50.146 (1203195210)|HEAP_ALLOCATE|[EXTERNAL]|Bytes:4
12:20:50.146 (1203209950)|METHOD_ENTRY|[15]||Database.QueryLocatorIterator.hasNext()
12:20:50.146 (1203236531)|METHOD_EXIT|[15]||Database.QueryLocatorIterator.hasNext()
12:20:50.146 (1203247241)|VARIABLE_ASSIGNMENT|[15]|result|null|
12:20:50.146 (1203284052)|HEAP_ALLOCATE|[20]|Bytes:4
12:20:50.146 (1203855533)|SOQL_EXECUTE_BEGIN|[20]|Aggregations:0|SELECT Id FROM Account WHERE (Id = :tmpVar1 AND Id NOT IN :tmpVar2 AND Name = 'Acme Inc')
12:20:50.146 (1207227418)|SOQL_EXECUTE_END|[20]|Rows:0
12:20:50.146 (1207506453)|HEAP_ALLOCATE|[20]|Bytes:28
12:20:50.146 (1207537804)|HEAP_ALLOCATE|[20]|Bytes:8
12:20:50.146 (1207542164)|HEAP_ALLOCATE|[20]|Bytes:8
12:20:50.146 (1207552964)|VARIABLE_SCOPE_BEGIN|[15]|this|Database.QueryLocatorIterator|true|false
12:20:50.146 (1207601905)|VARIABLE_ASSIGNMENT|[15]|this|{}|0x4e6e40bf
12:20:50.146 (1207607965)|VARIABLE_SCOPE_BEGIN|[15]|values|List<SObject>|true|false
12:20:50.146 (1207617066)|VARIABLE_ASSIGNMENT|[15]|values|null|
12:20:50.146 (1207620816)|VARIABLE_SCOPE_BEGIN|[15]|ql|Database.QueryLocator|true|false
12:20:50.146 (1207645246)|VARIABLE_ASSIGNMENT|[15]|ql|{"query":"SELECT Id FROM Accou (69 more) ..."}|0x6d5dc2c1
12:20:50.146 (1207649917)|VARIABLE_SCOPE_BEGIN|[15]|totalNumRecords|Integer|false|false
12:20:50.146 (1207657456)|VARIABLE_ASSIGNMENT|[15]|totalNumRecords|0
12:20:50.146 (1207660957)|VARIABLE_SCOPE_BEGIN|[15]|queryMoreSize|Integer|false|false
12:20:50.146 (1207666736)|VARIABLE_ASSIGNMENT|[15]|queryMoreSize|49999
12:20:50.146 (1207748719)|HEAP_ALLOCATE|[20]|Bytes:28
12:20:50.146 (1207771058)|METHOD_ENTRY|[20]||Database.QueryLocatorIterator.hasNext()
12:20:50.146 (1207807269)|METHOD_EXIT|[20]||Database.QueryLocatorIterator.hasNext()
12:20:50.146 (1207821149)|VARIABLE_ASSIGNMENT|[20]|acc|null|
12:20:50.146 (1207827980)|STATEMENT_EXECUTE|[20]
12:20:50.146 (1207847310)|STATEMENT_EXECUTE|[23]
12:20:50.146 (1207954832)|DML_BEGIN|[23]|Op:Update|Type:Account|Rows:1
12:20:50.146 (1208037034)|HEAP_ALLOCATE|[EXTERNAL]|Bytes:8
12:20:50.146 (1241376214)|DML_END|[23]
12:20:50.146 (1241628159)|HEAP_ALLOCATE|[EXTERNAL]|Bytes:8
12:20:50.146 (1241688610)|METHOD_EXIT|[37]|01pak0000054opo|Accounts.setNumberOfAcmeEmployees(Set<Id>)
12:20:50.146 (1241726081)|METHOD_EXIT|[23]|01pak0000054kmB|DomainEventTriggerHandler.dispatchRollupNumberOfEmployeesEventToAppropriateDomains(List<String>)
12:20:50.146 (1241740022)|SYSTEM_MODE_EXIT|false
12:20:50.146 (1241754183)|METHOD_EXIT|[2]|01pak0000054kmB|DomainEventTriggerHandler.handleDomainEvent()
12:20:50.241 (1241780962)|CUMULATIVE_LIMIT_USAGE
12:20:50.241 (1241780962)|LIMIT_USAGE_FOR_NS|(default)|
  Number of SOQL queries: 2 out of 100
  Number of query rows: 1 out of 50000
  Number of SOSL queries: 0 out of 20
  Number of DML statements: 1 out of 150
  Number of Publish Immediate DML: 0 out of 150
  Number of DML rows: 1 out of 10000
  Maximum CPU time: 0 out of 10000
  Maximum heap size: 0 out of 6000000
  Number of callouts: 0 out of 100
  Number of Email Invocations: 0 out of 10
  Number of future calls: 0 out of 50
  Number of queueable jobs added to the queue: 0 out of 50
  Number of Mobile Apex push calls: 0 out of 10

12:20:50.241 (1241780962)|CUMULATIVE_LIMIT_USAGE_END

12:20:50.146 (1242109128)|CODE_UNIT_FINISHED|DomainEventTrigger on Domain_Event trigger event AfterInsert|__sfdc_trigger/DomainEventTrigger
12:20:50.146 (1247607256)|METHOD_EXIT|[31]||eventbus.TestBroker.deliver()
12:20:50.146 (1247628137)|STATEMENT_EXECUTE|[33]
12:20:50.146 (1247660046)|HEAP_ALLOCATE|[33]|Bytes:4
12:20:50.146 (1248232488)|SOQL_EXECUTE_BEGIN|[33]|Aggregations:0|SELECT NumberOfEmployees FROM Account WHERE Id = :tmpVar1
12:20:50.146 (1256581821)|SOQL_EXECUTE_END|[33]|Rows:1
12:20:50.146 (1256635532)|HEAP_ALLOCATE|[33]|Bytes:8
12:20:50.146 (1256677433)|HEAP_ALLOCATE|[33]|Bytes:54
12:20:50.146 (1256727914)|HEAP_ALLOCATE|[33]|Bytes:8
12:20:50.146 (1256777795)|HEAP_ALLOCATE|[33]|Bytes:12
12:20:50.146 (1256843866)|STATEMENT_EXECUTE|[36]
12:20:50.146 (1256873456)|HEAP_ALLOCATE|[36]|Bytes:4
12:20:50.146 (1256905387)|HEAP_ALLOCATE|[36]|Bytes:16
12:20:50.146 (1257001919)|VARIABLE_ASSIGNMENT|[36]|this.Id|"003ak000003LAHCAA4"|0x2ca0437a
12:20:50.146 (1257056170)|VARIABLE_ASSIGNMENT|[36]|this.AccountId|null|0x2ca0437a
12:20:50.146 (1257136781)|HEAP_ALLOCATE|[36]|Bytes:8
12:20:50.146 (1257168102)|DML_BEGIN|[36]|Op:Update|Type:Contact|Rows:1
12:20:50.146 (1257233793)|HEAP_ALLOCATE|[EXTERNAL]|Bytes:8
12:20:50.146 (1288720598)|CODE_UNIT_STARTED|[EXTERNAL]|01qak000000KNlF|ContactTrigger on Contact trigger event AfterUpdate|__sfdc_trigger/ContactTrigger
12:20:50.146 (1288806429)|HEAP_ALLOCATE|[EXTERNAL]|Bytes:8
12:20:50.146 (1288875311)|HEAP_ALLOCATE|[EXTERNAL]|Bytes:8
12:20:50.146 (1289070484)|HEAP_ALLOCATE|[EXTERNAL]|Bytes:4
12:20:50.146 (1289094785)|VARIABLE_SCOPE_BEGIN|[1]|this|ContactTrigger|true|false
12:20:50.146 (1289143096)|VARIABLE_ASSIGNMENT|[1]|this|{}|0x748c6f4c
12:20:50.146 (1289227257)|HEAP_ALLOCATE|[EXTERNAL]|Bytes:4
12:20:50.146 (1289241968)|VARIABLE_SCOPE_BEGIN|[1]|this|ContactTrigger|true|false
12:20:50.146 (1289272508)|VARIABLE_ASSIGNMENT|[1]|this|{}|0x748c6f4c
12:20:50.146 (1289286288)|STATEMENT_EXECUTE|[1]
12:20:50.146 (1289289299)|STATEMENT_EXECUTE|[2]
12:20:50.146 (1289308609)|METHOD_ENTRY|[2]|01pak0000054h0L|ContactTriggerHandler.handleTrigger()
12:20:50.146 (1289409651)|SYSTEM_MODE_ENTER|false
12:20:50.146 (1289444922)|HEAP_ALLOCATE|[7]|Bytes:5
12:20:50.146 (1289456042)|STATEMENT_EXECUTE|[6]
12:20:50.146 (1289459012)|STATEMENT_EXECUTE|[7]
12:20:50.146 (1289483953)|HEAP_ALLOCATE|[7]|Bytes:4
12:20:50.146 (1289539733)|HEAP_ALLOCATE|[EXTERNAL]|Bytes:4
12:20:50.146 (1289582574)|VARIABLE_ASSIGNMENT|[7]|ContactTriggerHandler.events|[]|0x10a19886
12:20:50.146 (1289591464)|STATEMENT_EXECUTE|[8]
12:20:50.146 (1289707257)|HEAP_ALLOCATE|[8]|Bytes:12
12:20:50.146 (1289823069)|STATEMENT_EXECUTE|[12]
12:20:50.146 (1289826960)|STATEMENT_EXECUTE|[13]
12:20:50.146 (1289882550)|METHOD_ENTRY|[13]|01pak0000054h0L|ContactTriggerHandler.produceDomainEvent(Map<Id,Contact>, Map<Id,Contact>)
12:20:50.146 (1289895430)|VARIABLE_SCOPE_BEGIN|[45]|oldContacts|Map<Id,Contact>|true|false
12:20:50.146 (1291194786)|VARIABLE_ASSIGNMENT|[45]|oldContacts|{"003ak000003LAHCAA4":{"LastModifiedDate":"2024-06-17T19:20:49.000Z","IsDeleted":false,"AccountId":"001ak00000MRwknAAD","IsEmailBounced":false,"DoNotCall":false,"HasOptedOutOfEmail":false,"HasOptedOutOfFax":false,"SystemModstamp":"2024-06-17T19:20:49.000Z","CleanStatus":"Pending","OwnerId":"005ak000005FZQnAAO","CreatedById":"005ak000005FZQnAAO","CreatedDate":"2024-06-17T19:20:49.000Z","Id":"003ak000003LAHCAA4","LastName":"john doe2","LastModifiedById":"005ak000005FZQnAAO"}}|0x60990c0c
12:20:50.146 (1291216476)|VARIABLE_SCOPE_BEGIN|[45]|newContacts|Map<Id,Contact>|true|false
12:20:50.146 (1292103883)|VARIABLE_ASSIGNMENT|[45]|newContacts|{"003ak000003LAHCAA4":{"LastModifiedDate":"2024-06-17T19:20:50.000Z","IsDeleted":false,"IsEmailBounced":false,"DoNotCall":false,"HasOptedOutOfEmail":false,"HasOptedOutOfFax":false,"SystemModstamp":"2024-06-17T19:20:50.000Z","CleanStatus":"Pending","OwnerId":"005ak000005FZQnAAO","CreatedById":"005ak000005FZQnAAO","CreatedDate":"2024-06-17T19:20:49.000Z","Id":"003ak000003LAHCAA4","LastName":"john doe2","LastModifiedById":"005ak000005FZQnAAO"}}|0x2c443f18
12:20:50.146 (1292154654)|HEAP_ALLOCATE|[46]|Bytes:5
12:20:50.146 (1292164304)|STATEMENT_EXECUTE|[45]
12:20:50.146 (1292167154)|STATEMENT_EXECUTE|[46]
12:20:50.146 (1292186575)|HEAP_ALLOCATE|[46]|Bytes:4
12:20:50.146 (1292232396)|VARIABLE_SCOPE_BEGIN|[46]|contactIds|Set<Id>|true|false
12:20:50.146 (1292300397)|VARIABLE_ASSIGNMENT|[46]|contactIds|[]|0x3b25d3d3
12:20:50.146 (1292355338)|HEAP_ALLOCATE|[EXTERNAL]|Bytes:8
12:20:50.146 (1292373538)|HEAP_ALLOCATE|[47]|Bytes:8
12:20:50.146 (1292426939)|HEAP_ALLOCATE|[47]|Bytes:5
12:20:50.146 (1292463420)|VARIABLE_SCOPE_BEGIN|[47]|c|Contact|true|false
12:20:50.146 (1293008791)|VARIABLE_ASSIGNMENT|[47]|c|{"LastModifiedDate":"2024-06-17T19:20:50.000Z","IsDeleted":false,"IsEmailBounced":false,"DoNotCall":false,"HasOptedOutOfEmail":false,"HasOptedOutOfFax":false,"SystemModstamp":"2024-06-17T19:20:50.000Z","CleanStatus":"Pending","OwnerId":"005ak000005FZQnAAO","CreatedById":"005ak000005FZQnAAO","CreatedDate":"2024-06-17T19:20:49.000Z","Id":"003ak000003LAHCAA4","LastName":"john doe2","LastModifiedById":"005ak000005FZQnAAO"}|0x275c1999
12:20:50.146 (1293022462)|STATEMENT_EXECUTE|[47]
12:20:50.146 (1293084823)|STATEMENT_EXECUTE|[48]
12:20:50.146 (1293086993)|STATEMENT_EXECUTE|[49]
12:20:50.146 (1293113983)|HEAP_ALLOCATE|[EXTERNAL]|Bytes:4
12:20:50.146 (1293124683)|STATEMENT_EXECUTE|[50]
12:20:50.146 (1293147034)|HEAP_ALLOCATE|[EXTERNAL]|Bytes:4
12:20:50.146 (1293166684)|HEAP_ALLOCATE|[47]|Bytes:5
12:20:50.146 (1293183725)|VARIABLE_ASSIGNMENT|[47]|c|null|
12:20:50.146 (1293189565)|STATEMENT_EXECUTE|[53]
12:20:50.146 (1293224815)|HEAP_ALLOCATE|[53]|Bytes:4
12:20:50.146 (1293300557)|VARIABLE_ASSIGNMENT|[53]|this.Type__c|"ROLLUP_NUMBER_OF_EMP (6 more) ..."|0x2bcca04
12:20:50.146 (1293314936)|METHOD_ENTRY|[53]||System.JSON.serialize(Object)
12:20:50.146 (1293796036)|METHOD_EXIT|[53]||System.JSON.serialize(Object)
12:20:50.146 (1293858088)|VARIABLE_ASSIGNMENT|[53]|this.Payload__c|"[null,\"001ak00000MRw (7 more) ..."|0x2bcca04
12:20:50.146 (1293891558)|HEAP_ALLOCATE|[EXTERNAL]|Bytes:4
12:20:50.146 (1293911059)|METHOD_EXIT|[13]|01pak0000054h0L|ContactTriggerHandler.produceDomainEvent(Map<Id,Contact>, Map<Id,Contact>)
12:20:50.146 (1293917269)|STATEMENT_EXECUTE|[23]
12:20:50.146 (1294308866)|DML_BEGIN|[23]|Op:Insert|Type:Domain_Event__e|Rows:1
12:20:50.146 (1294397968)|HEAP_ALLOCATE|[EXTERNAL]|Bytes:8
12:20:50.146 (1302559387)|DML_END|[23]
12:20:50.146 (1302619678)|HEAP_ALLOCATE|[EXTERNAL]|Bytes:8
12:20:50.146 (1302659509)|SYSTEM_MODE_EXIT|false
12:20:50.146 (1302677949)|METHOD_EXIT|[2]|01pak0000054h0L|ContactTriggerHandler.handleTrigger()
12:20:50.302 (1302699190)|CUMULATIVE_LIMIT_USAGE
12:20:50.302 (1302699190)|LIMIT_USAGE_FOR_NS|(default)|
  Number of SOQL queries: 0 out of 100
  Number of query rows: 0 out of 50000
  Number of SOSL queries: 0 out of 20
  Number of DML statements: 1 out of 150
  Number of Publish Immediate DML: 0 out of 150
  Number of DML rows: 2 out of 10000
  Maximum CPU time: 0 out of 10000
  Maximum heap size: 0 out of 6000000
  Number of callouts: 0 out of 100
  Number of Email Invocations: 0 out of 10
  Number of future calls: 0 out of 50
  Number of queueable jobs added to the queue: 0 out of 50
  Number of Mobile Apex push calls: 0 out of 10

12:20:50.302 (1302699190)|TESTING_LIMITS
12:20:50.302 (1302699190)|LIMIT_USAGE_FOR_NS|(default)|
  Number of SOQL queries: 4 out of 100
  Number of query rows: 4 out of 50000
  Number of SOSL queries: 0 out of 20
  Number of DML statements: 8 out of 150
  Number of Publish Immediate DML: 0 out of 150
  Number of DML rows: 9 out of 10000
  Maximum CPU time: 209 out of 10000
  Maximum heap size: 0 out of 6000000
  Number of callouts: 0 out of 100
  Number of Email Invocations: 0 out of 10
  Number of future calls: 0 out of 50
  Number of queueable jobs added to the queue: 0 out of 50
  Number of Mobile Apex push calls: 0 out of 10

12:20:50.302 (1302699190)|CUMULATIVE_LIMIT_USAGE_END

12:20:50.146 (1302987955)|CODE_UNIT_FINISHED|ContactTrigger on Contact trigger event AfterUpdate|__sfdc_trigger/ContactTrigger
12:20:50.146 (1305211339)|DML_END|[36]
12:20:50.146 (1305405832)|STATEMENT_EXECUTE|[37]
12:20:50.146 (1305426064)|METHOD_ENTRY|[37]||System.Test.getEventBus()
12:20:50.146 (1305698778)|METHOD_EXIT|[37]||System.Test.getEventBus()
12:20:50.146 (1305718728)|METHOD_ENTRY|[37]||eventbus.TestBroker.deliver()
12:20:50.146 (1324819431)|CODE_UNIT_STARTED|[EXTERNAL]|01qak000000KUBd|DomainEventTrigger on Domain_Event trigger event AfterInsert|__sfdc_trigger/DomainEventTrigger
12:20:50.146 (1324903192)|HEAP_ALLOCATE|[EXTERNAL]|Bytes:8
12:20:50.146 (1325057746)|HEAP_ALLOCATE|[EXTERNAL]|Bytes:4
12:20:50.146 (1325072616)|VARIABLE_SCOPE_BEGIN|[1]|this|DomainEventTrigger|true|false
12:20:50.146 (1325108727)|VARIABLE_ASSIGNMENT|[1]|this|{}|0x599b7798
12:20:50.146 (1325148058)|HEAP_ALLOCATE|[EXTERNAL]|Bytes:4
12:20:50.146 (1325154268)|VARIABLE_SCOPE_BEGIN|[1]|this|DomainEventTrigger|true|false
12:20:50.146 (1325166698)|VARIABLE_ASSIGNMENT|[1]|this|{}|0x599b7798
12:20:50.146 (1325173688)|STATEMENT_EXECUTE|[1]
12:20:50.146 (1325175948)|STATEMENT_EXECUTE|[2]
12:20:50.146 (1325187289)|METHOD_ENTRY|[2]|01pak0000054kmB|DomainEventTriggerHandler.handleDomainEvent()
12:20:50.146 (1325212659)|SYSTEM_MODE_ENTER|false
12:20:50.146 (1325230489)|HEAP_ALLOCATE|[15]|Bytes:5
12:20:50.146 (1325235250)|STATEMENT_EXECUTE|[14]
12:20:50.146 (1325236950)|STATEMENT_EXECUTE|[15]
12:20:50.146 (1325253759)|HEAP_ALLOCATE|[15]|Bytes:4
12:20:50.146 (1325281510)|VARIABLE_SCOPE_BEGIN|[15]|rollupNumberOfEmployeesPayloads|List<String>|true|false
12:20:50.146 (1325313911)|HEAP_ALLOCATE|[EXTERNAL]|Bytes:4
12:20:50.146 (1325361561)|VARIABLE_ASSIGNMENT|[15]|rollupNumberOfEmployeesPayloads|[]|0x110f1c07
12:20:50.146 (1325421282)|HEAP_ALLOCATE|[16]|Bytes:5
12:20:50.146 (1325448483)|VARIABLE_SCOPE_BEGIN|[16]|e|Domain_Event__e|true|false
12:20:50.146 (1325616167)|VARIABLE_ASSIGNMENT|[16]|e|{"CreatedById":"005ak000005FZQnAAO","Payload__c":"[null,\"001ak00000MRw (7 more) ...","ReplayId":"4","Type__c":"ROLLUP_NUMBER_OF_EMP (6 more) ...","CreatedDate":"2024-06-17T19:20:50.000Z","Id":"e00xx0000000004AAA"}|0x51ff9bdc
12:20:50.146 (1325625687)|STATEMENT_EXECUTE|[16]
12:20:50.146 (1325685618)|STATEMENT_EXECUTE|[18]
12:20:50.146 (1325687878)|STATEMENT_EXECUTE|[19]
12:20:50.146 (1325709119)|HEAP_ALLOCATE|[EXTERNAL]|Bytes:4
12:20:50.146 (1325726129)|HEAP_ALLOCATE|[16]|Bytes:5
12:20:50.146 (1325741089)|VARIABLE_ASSIGNMENT|[16]|e|null|
12:20:50.146 (1325747109)|STATEMENT_EXECUTE|[23]
12:20:50.146 (1325754000)|METHOD_ENTRY|[23]|01pak0000054kmB|DomainEventTriggerHandler.dispatchRollupNumberOfEmployeesEventToAppropriateDomains(List<String>)
12:20:50.146 (1325761210)|VARIABLE_SCOPE_BEGIN|[31]|payloads|List<String>|true|false
12:20:50.146 (1325774670)|VARIABLE_ASSIGNMENT|[31]|payloads|["[null,\"001ak00000MRw (7 more) ..."]|0x110f1c07
12:20:50.146 (1325787570)|HEAP_ALLOCATE|[32]|Bytes:5
12:20:50.146 (1325791170)|STATEMENT_EXECUTE|[31]
12:20:50.146 (1325793190)|STATEMENT_EXECUTE|[32]
12:20:50.146 (1325805261)|HEAP_ALLOCATE|[32]|Bytes:4
12:20:50.146 (1325823691)|VARIABLE_SCOPE_BEGIN|[32]|ids|Set<Id>|true|false
12:20:50.146 (1325852091)|VARIABLE_ASSIGNMENT|[32]|ids|[]|0x34d5a01c
12:20:50.146 (1325874932)|HEAP_ALLOCATE|[33]|Bytes:5
12:20:50.146 (1325885382)|HEAP_ALLOCATE|[33]|Bytes:27
12:20:50.146 (1325895282)|VARIABLE_SCOPE_BEGIN|[33]|payload|String|false|false
12:20:50.146 (1325905572)|VARIABLE_ASSIGNMENT|[33]|payload|"[null,\"001ak00000MRw (7 more) ..."
12:20:50.146 (1325909903)|STATEMENT_EXECUTE|[33]
12:20:50.146 (1325911993)|STATEMENT_EXECUTE|[34]
12:20:50.146 (1326009124)|HEAP_ALLOCATE|[34]|Bytes:8
12:20:50.146 (1326019845)|HEAP_ALLOCATE|[34]|Bytes:8
12:20:50.146 (1326024595)|VARIABLE_SCOPE_BEGIN|[4]|this|System.Type|true|false
12:20:50.146 (1326043705)|VARIABLE_ASSIGNMENT|[4]|this|{}|0x367026a9
12:20:50.146 (1326048265)|VARIABLE_SCOPE_BEGIN|[4]|apextype|java:common.apex.runtime.ApexObjectType|true|false
12:20:50.146 (1326163147)|VARIABLE_ASSIGNMENT|[4]|apextype|"Set<Id>"|0x3e54ab02
12:20:50.146 (1326215228)|HEAP_ALLOCATE|[34]|Bytes:8
12:20:50.146 (1326233099)|METHOD_ENTRY|[34]||System.JSON.deserialize(String, System.Type)
12:20:50.146 (1326539365)|METHOD_EXIT|[34]||System.JSON.deserialize(String, System.Type)
12:20:50.146 (1326560515)|HEAP_ALLOCATE|[EXTERNAL]|Bytes:4
12:20:50.146 (1326568065)|HEAP_ALLOCATE|[EXTERNAL]|Bytes:4
12:20:50.146 (1326571895)|HEAP_ALLOCATE|[34]|Bytes:8
12:20:50.146 (1326586736)|HEAP_ALLOCATE|[33]|Bytes:5
12:20:50.146 (1326599546)|VARIABLE_ASSIGNMENT|[33]|payload|null
12:20:50.146 (1326604986)|STATEMENT_EXECUTE|[37]
12:20:50.146 (1326611166)|METHOD_ENTRY|[37]|01pak0000054opo|Accounts.setNumberOfAcmeEmployees(Set<Id>)
12:20:50.146 (1326616866)|VARIABLE_SCOPE_BEGIN|[12]|accountIds|Set<Id>|true|false
12:20:50.146 (1326632176)|VARIABLE_ASSIGNMENT|[12]|accountIds|["001ak00000MRwknAAD"]|0x34d5a01c
12:20:50.146 (1326645478)|HEAP_ALLOCATE|[14]|Bytes:5
12:20:50.146 (1326649737)|STATEMENT_EXECUTE|[12]
12:20:50.146 (1326651647)|STATEMENT_EXECUTE|[14]
12:20:50.146 (1326661497)|HEAP_ALLOCATE|[14]|Bytes:4
12:20:50.146 (1326679297)|VARIABLE_SCOPE_BEGIN|[14]|records2Update|List<Account>|true|false
12:20:50.146 (1326691888)|HEAP_ALLOCATE|[EXTERNAL]|Bytes:4
12:20:50.146 (1326704448)|VARIABLE_ASSIGNMENT|[14]|records2Update|[]|0x5f76eb44
12:20:50.146 (1326724368)|HEAP_ALLOCATE|[15]|Bytes:4
12:20:50.146 (1327499683)|SOQL_EXECUTE_BEGIN|[15]|Aggregations:0|SELECT AccountId, COUNT(ID) FROM Contact WHERE (AccountId = :tmpVar1 AND Account.Name = 'Acme Inc') GROUP BY AccountId
12:20:50.146 (1342553668)|SOQL_EXECUTE_END|[15]|Rows:0
12:20:50.146 (1342773992)|HEAP_ALLOCATE|[15]|Bytes:28
12:20:50.146 (1342803812)|HEAP_ALLOCATE|[15]|Bytes:8
12:20:50.146 (1342807692)|HEAP_ALLOCATE|[15]|Bytes:8
12:20:50.146 (1342817793)|VARIABLE_SCOPE_BEGIN|[15]|this|Database.QueryLocatorIterator|true|false
12:20:50.146 (1342861333)|VARIABLE_ASSIGNMENT|[15]|this|{}|0x3cc9860e
12:20:50.146 (1342866803)|VARIABLE_SCOPE_BEGIN|[15]|values|List<SObject>|true|false
12:20:50.146 (1342875314)|VARIABLE_ASSIGNMENT|[15]|values|null|
12:20:50.146 (1342878693)|VARIABLE_SCOPE_BEGIN|[15]|ql|Database.QueryLocator|true|false
12:20:50.146 (1342906854)|VARIABLE_ASSIGNMENT|[15]|ql|{"query":"SELECT AccountId, CO (98 more) ..."}|0x24a871b5
12:20:50.146 (1342913894)|VARIABLE_SCOPE_BEGIN|[15]|totalNumRecords|Integer|false|false
12:20:50.146 (1342925084)|VARIABLE_ASSIGNMENT|[15]|totalNumRecords|0
12:20:50.146 (1342929995)|VARIABLE_SCOPE_BEGIN|[15]|queryMoreSize|Integer|false|false
12:20:50.146 (1342939355)|VARIABLE_ASSIGNMENT|[15]|queryMoreSize|50000
12:20:50.146 (1343032186)|HEAP_ALLOCATE|[15]|Bytes:28
12:20:50.146 (1343061278)|METHOD_ENTRY|[15]||Database.QueryLocatorIterator.hasNext()
12:20:50.146 (1343099457)|METHOD_EXIT|[15]||Database.QueryLocatorIterator.hasNext()
12:20:50.146 (1343114319)|VARIABLE_ASSIGNMENT|[15]|result|null|
12:20:50.146 (1343121658)|STATEMENT_EXECUTE|[15]
12:20:50.146 (1343156609)|HEAP_ALLOCATE|[20]|Bytes:4
12:20:50.146 (1343654009)|SOQL_EXECUTE_BEGIN|[20]|Aggregations:0|SELECT Id FROM Account WHERE (Id = :tmpVar1 AND Id NOT IN :tmpVar2 AND Name = 'Acme Inc')
12:20:50.146 (1348422832)|SOQL_EXECUTE_END|[20]|Rows:1
12:20:50.146 (1348476753)|HEAP_ALLOCATE|[EXTERNAL]|Bytes:8
12:20:50.146 (1348636735)|HEAP_ALLOCATE|[20]|Bytes:28
12:20:50.146 (1348673027)|HEAP_ALLOCATE|[20]|Bytes:8
12:20:50.146 (1348695776)|HEAP_ALLOCATE|[20]|Bytes:8
12:20:50.146 (1348700947)|HEAP_ALLOCATE|[20]|Bytes:8
12:20:50.146 (1348708567)|VARIABLE_SCOPE_BEGIN|[15]|this|Database.QueryLocatorIterator|true|false
12:20:50.146 (1348747327)|VARIABLE_ASSIGNMENT|[15]|this|{}|0x78358037
12:20:50.146 (1348755709)|VARIABLE_SCOPE_BEGIN|[15]|values|List<SObject>|true|false
12:20:50.146 (1348790949)|VARIABLE_ASSIGNMENT|[15]|values|[{"Id":"001ak00000MRwknAAD"}]|0x287e6393
12:20:50.146 (1348798519)|VARIABLE_SCOPE_BEGIN|[15]|ql|Database.QueryLocator|true|false
12:20:50.146 (1348818360)|VARIABLE_ASSIGNMENT|[15]|ql|{"query":"SELECT Id FROM Accou (69 more) ..."}|0xbd9de3
12:20:50.146 (1348824510)|VARIABLE_SCOPE_BEGIN|[15]|totalNumRecords|Integer|false|false
12:20:50.146 (1348833659)|VARIABLE_ASSIGNMENT|[15]|totalNumRecords|1
12:20:50.146 (1348837979)|VARIABLE_SCOPE_BEGIN|[15]|queryMoreSize|Integer|false|false
12:20:50.146 (1348846099)|VARIABLE_ASSIGNMENT|[15]|queryMoreSize|49999
12:20:50.146 (1348924202)|HEAP_ALLOCATE|[20]|Bytes:28
12:20:50.146 (1348946072)|METHOD_ENTRY|[20]||Database.QueryLocatorIterator.hasNext()
12:20:50.146 (1349002443)|METHOD_EXIT|[20]||Database.QueryLocatorIterator.hasNext()
12:20:50.146 (1349021884)|METHOD_ENTRY|[20]||Database.QueryLocatorIterator.next()
12:20:50.146 (1349136996)|METHOD_EXIT|[20]||Database.QueryLocatorIterator.next()
12:20:50.146 (1349154945)|VARIABLE_SCOPE_BEGIN|[20]|acc|Account|true|false
12:20:50.146 (1349176397)|VARIABLE_ASSIGNMENT|[20]|acc|{"Id":"001ak00000MRwknAAD"}|0x32ef7655
12:20:50.146 (1349184567)|STATEMENT_EXECUTE|[20]
12:20:50.146 (1349187077)|STATEMENT_EXECUTE|[21]
12:20:50.146 (1349206487)|HEAP_ALLOCATE|[21]|Bytes:4
12:20:50.146 (1349300099)|VARIABLE_ASSIGNMENT|[21]|this.Id|"001ak00000MRwknAAD"|0x3d36f9ae
12:20:50.146 (1349386971)|VARIABLE_ASSIGNMENT|[21]|this.NumberOfEmployees|0|0x3d36f9ae
12:20:50.146 (1349516673)|HEAP_ALLOCATE|[EXTERNAL]|Bytes:4
12:20:50.146 (1349538654)|METHOD_ENTRY|[20]||Database.QueryLocatorIterator.hasNext()
12:20:50.146 (1349564604)|METHOD_EXIT|[20]||Database.QueryLocatorIterator.hasNext()
12:20:50.146 (1349577424)|VARIABLE_ASSIGNMENT|[20]|acc|null|
12:20:50.146 (1349597765)|STATEMENT_EXECUTE|[23]
12:20:50.146 (1349672016)|DML_BEGIN|[23]|Op:Update|Type:Account|Rows:1
12:20:50.146 (1349747658)|HEAP_ALLOCATE|[EXTERNAL]|Bytes:8
12:20:50.146 (1379654840)|DML_END|[23]
12:20:50.146 (1379881085)|HEAP_ALLOCATE|[EXTERNAL]|Bytes:8
12:20:50.146 (1379935136)|METHOD_EXIT|[37]|01pak0000054opo|Accounts.setNumberOfAcmeEmployees(Set<Id>)
12:20:50.146 (1379949117)|METHOD_EXIT|[23]|01pak0000054kmB|DomainEventTriggerHandler.dispatchRollupNumberOfEmployeesEventToAppropriateDomains(List<String>)
12:20:50.146 (1379959946)|SYSTEM_MODE_EXIT|false
12:20:50.146 (1379971206)|METHOD_EXIT|[2]|01pak0000054kmB|DomainEventTriggerHandler.handleDomainEvent()
12:20:50.379 (1379992467)|CUMULATIVE_LIMIT_USAGE
12:20:50.379 (1379992467)|LIMIT_USAGE_FOR_NS|(default)|
  Number of SOQL queries: 2 out of 100
  Number of query rows: 1 out of 50000
  Number of SOSL queries: 0 out of 20
  Number of DML statements: 1 out of 150
  Number of Publish Immediate DML: 0 out of 150
  Number of DML rows: 1 out of 10000
  Maximum CPU time: 0 out of 10000
  Maximum heap size: 0 out of 6000000
  Number of callouts: 0 out of 100
  Number of Email Invocations: 0 out of 10
  Number of future calls: 0 out of 50
  Number of queueable jobs added to the queue: 0 out of 50
  Number of Mobile Apex push calls: 0 out of 10

12:20:50.379 (1379992467)|CUMULATIVE_LIMIT_USAGE_END

12:20:50.146 (1380269142)|CODE_UNIT_FINISHED|DomainEventTrigger on Domain_Event trigger event AfterInsert|__sfdc_trigger/DomainEventTrigger
12:20:50.146 (1385152407)|METHOD_EXIT|[37]||eventbus.TestBroker.deliver()
12:20:50.146 (1385176558)|STATEMENT_EXECUTE|[39]
12:20:50.146 (1385213648)|HEAP_ALLOCATE|[39]|Bytes:4
12:20:50.146 (1385732829)|SOQL_EXECUTE_BEGIN|[39]|Aggregations:0|SELECT NumberOfEmployees FROM Account WHERE Id = :tmpVar1
12:20:50.146 (1390371579)|SOQL_EXECUTE_END|[39]|Rows:1
12:20:50.146 (1390420980)|HEAP_ALLOCATE|[39]|Bytes:8
12:20:50.146 (1390461941)|HEAP_ALLOCATE|[39]|Bytes:54
12:20:50.146 (1390509902)|HEAP_ALLOCATE|[39]|Bytes:8
12:20:50.146 (1390555703)|HEAP_ALLOCATE|[39]|Bytes:12
12:20:50.146 (1390578463)|HEAP_ALLOCATE|[39]|Bytes:48
12:20:50.146 (1390627614)|STATEMENT_EXECUTE|[40]
12:20:50.146 (1390640944)|METHOD_ENTRY|[40]||System.Test.stopTest()
12:20:50.146 (1392268866)|METHOD_EXIT|[40]||System.Test.stopTest()
12:20:50.146 (1392290967)|SYSTEM_MODE_EXIT|false
12:20:50.392 (1392324258)|CUMULATIVE_LIMIT_USAGE
12:20:50.392 (1392324258)|LIMIT_USAGE_FOR_NS|(default)|
  Number of SOQL queries: 0 out of 100
  Number of query rows: 0 out of 50000
  Number of SOSL queries: 0 out of 20
  Number of DML statements: 1 out of 150
  Number of Publish Immediate DML: 0 out of 150
  Number of DML rows: 2 out of 10000
  Maximum CPU time: 0 out of 10000
  Maximum heap size: 0 out of 6000000
  Number of callouts: 0 out of 100
  Number of Email Invocations: 0 out of 10
  Number of future calls: 0 out of 50
  Number of queueable jobs added to the queue: 0 out of 50
  Number of Mobile Apex push calls: 0 out of 10

12:20:50.392 (1392324258)|TESTING_LIMITS
12:20:50.392 (1392324258)|LIMIT_USAGE_FOR_NS|(default)|
  Number of SOQL queries: 5 out of 100
  Number of query rows: 5 out of 50000
  Number of SOSL queries: 0 out of 20
  Number of DML statements: 8 out of 150
  Number of Publish Immediate DML: 0 out of 150
  Number of DML rows: 9 out of 10000
  Maximum CPU time: 209 out of 10000
  Maximum heap size: 0 out of 6000000
  Number of callouts: 0 out of 100
  Number of Email Invocations: 0 out of 10
  Number of future calls: 0 out of 50
  Number of queueable jobs added to the queue: 0 out of 50
  Number of Mobile Apex push calls: 0 out of 10

12:20:50.392 (1392324258)|CUMULATIVE_LIMIT_USAGE_END

12:20:50.146 (1392412629)|CODE_UNIT_FINISHED|IntegrationTest.testWhenContactEventThenSetAcmeEmployees()
12:20:50.146 (1392427469)|EXECUTION_FINISHED
